#
# A fatal error has been detected by the Java Runtime Environment:
#
#  EXCEPTION_ACCESS_VIOLATION (0xc0000005) at pc=0x000000006be04ac6, pid=14676, tid=0x0000000000000b68
#
# JRE version: Java(TM) SE Runtime Environment (8.0_161-b12) (build 1.8.0_161-b12)
# Java VM: Java HotSpot(TM) 64-Bit Server VM (25.161-b12 mixed mode windows-amd64 compressed oops)
# Problematic frame:
# V  [jvm.dll+0x3b4ac6]
#
# Failed to write core dump. Minidumps are not enabled by default on client versions of Windows
#
# If you would like to submit a bug report, please visit:
#   http://bugreport.java.com/bugreport/crash.jsp
#

---------------  T H R E A D  ---------------

Current thread (0x00000000029d1800):  GCTaskThread [stack: 0x0000000012fc0000,0x00000000130c0000] [id=2920]

siginfo: ExceptionCode=0xc0000005, ExceptionInformation=0x0000000000000008 0x0000000020e04ac6

Registers:
RAX=0x0000000000009e45, RBX=0x0000000000000003, RCX=0x000000000000009e, RDX=0x0000000002aa9e40
RSP=0x00000000130bf3e0, RBP=0x00000000130bf4c0, RSI=0x0000000000000004, RDI=0x0000000002a8a610
R8 =0x000000000000009d, R9 =0x0000000035db63e9, R10=0x0000000000000009, R11=0x00000000130bf450
R12=0x0000000000000000, R13=0x00000000130bf4d8, R14=0x0000000000000000, R15=0x00000000029d1cd0
RIP=0x000000006be04ac6, EFLAGS=0x0000000000010202

Top of Stack: (sp=0x00000000130bf3e0)
0x00000000130bf3e0:   000000006c0a5c28 00007a860000004c
0x00000000130bf3f0:   00004bd50000bbfc 00004bd60000bbfc
0x00000000130bf400:   0000359800009e45 0000000000000000
0x00000000130bf410:   0000000600000000 00003dcc00007340
0x00000000130bf420:   00003dcc00007341 00003dcc0000733f
0x00000000130bf430:   00000006c8308d28 00000000029cee20
0x00000000130bf440:   00000000029d1cd0 00000000029d1cc0
0x00000000130bf450:   00000000029d1cc0 00000000029cee20
0x00000000130bf460:   000000006c0a5c28 0000000000000004
0x00000000130bf470:   0000000020e76a40 000000006be46327
0x00000000130bf480:   00003dcc00007341 000000001c684f90
0x00000000130bf490:   0000000000000000 00007a860000004c
0x00000000130bf4a0:   0000000000000000 0000000000000000
0x00000000130bf4b0:   0000000020e76a40 000000006be4380e
0x00000000130bf4c0:   0000000035db63e9 00000000029d1800
0x00000000130bf4d0:   0000000000000000 00000006f48775b8 

Instructions: (pc=0x000000006be04ac6)
0x000000006be04aa6:   44 24 20 2b c8 81 e1 ff ff 01 00 81 f9 ff ff 01
0x000000006be04ab6:   00 41 0f 44 ce 85 c9 75 07 32 c0 e9 e3 00 00 00
0x000000006be04ac6:   8b 4c 24 20 48 8b 42 30 48 8b 0c c8 48 8b 5c 24
0x000000006be04ad6:   20 8d 43 01 48 89 9c 24 a0 00 00 00 49 89 4d 00 


Register to memory mapping:

RAX=0x0000000000009e45 is an unknown value
RBX=0x0000000000000003 is an unknown value
RCX=0x000000000000009e is an unknown value
RDX=0x0000000002aa9e40 is an unknown value
RSP=0x00000000130bf3e0 is an unknown value
RBP=0x00000000130bf4c0 is an unknown value
RSI=0x0000000000000004 is an unknown value
RDI=0x0000000002a8a610 is an unknown value
R8 =0x000000000000009d is an unknown value
R9 =0x0000000035db63e9 is an unknown value
R10=0x0000000000000009 is an unknown value
R11=0x00000000130bf450 is an unknown value
R12=0x0000000000000000 is an unknown value
R13=0x00000000130bf4d8 is an unknown value
R14=0x0000000000000000 is an unknown value
R15=0x00000000029d1cd0 is an unknown value


Stack: [0x0000000012fc0000,0x00000000130c0000],  sp=0x00000000130bf3e0,  free space=1020k
Native frames: (J=compiled Java code, j=interpreted, Vv=VM code, C=native code)
V  [jvm.dll+0x3b4ac6]
V  [jvm.dll+0x3f6327]
V  [jvm.dll+0x3f380e]
V  [jvm.dll+0x29cc4a]
C  [msvcr100.dll+0x21d9f]
C  [msvcr100.dll+0x21e3b]
C  [KERNEL32.DLL+0x17bd4]
C  [ntdll.dll+0x6ced1]


---------------  P R O C E S S  ---------------

Java Threads: ( => current thread )
  0x000000001dfd5000 JavaThread "Service Thread" daemon [_thread_blocked, id=2580, stack(0x000000001f980000,0x000000001fa80000)]
  0x000000001df51000 JavaThread "C1 CompilerThread3" daemon [_thread_blocked, id=17904, stack(0x000000001f880000,0x000000001f980000)]
  0x000000001df40000 JavaThread "C2 CompilerThread2" daemon [_thread_blocked, id=11688, stack(0x000000001f780000,0x000000001f880000)]
  0x000000001df3f000 JavaThread "C2 CompilerThread1" daemon [_thread_blocked, id=4664, stack(0x000000001f680000,0x000000001f780000)]
  0x000000001df39800 JavaThread "C2 CompilerThread0" daemon [_thread_blocked, id=16780, stack(0x000000001f580000,0x000000001f680000)]
  0x000000001df2d800 JavaThread "Monitor Ctrl-Break" daemon [_thread_in_native, id=9732, stack(0x000000001f480000,0x000000001f580000)]
  0x000000001de11000 JavaThread "Attach Listener" daemon [_thread_blocked, id=11428, stack(0x000000001f380000,0x000000001f480000)]
  0x000000001de10000 JavaThread "Signal Dispatcher" daemon [_thread_blocked, id=18024, stack(0x000000001f280000,0x000000001f380000)]
  0x000000001de03800 JavaThread "Finalizer" daemon [_thread_blocked, id=14428, stack(0x000000001f080000,0x000000001f180000)]
  0x0000000002aae000 JavaThread "Reference Handler" daemon [_thread_blocked, id=15256, stack(0x000000001ef80000,0x000000001f080000)]
  0x00000000029b4000 JavaThread "main" [_thread_blocked, id=20156, stack(0x0000000002650000,0x0000000002750000)]

Other Threads:
  0x000000001c726800 VMThread [stack: 0x000000001ee80000,0x000000001ef80000] [id=20584]
  0x000000001e050800 WatcherThread [stack: 0x000000001fa80000,0x000000001fb80000] [id=12160]

=>0x00000000029d1800 (exited) GCTaskThread [stack: 0x0000000012fc0000,0x00000000130c0000] [id=2920]

VM state:at safepoint (normal execution)

VM Mutex/Monitor currently owned by a thread:  ([mutex/lock_event])
[0x00000000029b15d0] Threads_lock - owner thread: 0x000000001c726800
[0x00000000029b11d0] Heap_lock - owner thread: 0x00000000029b4000

Heap:
 PSYoungGen      total 1249792K, used 121248K [0x000000076b000000, 0x00000007c0000000, 0x00000007c0000000)
  eden space 1119232K, 0% used [0x000000076b000000,0x000000076b000000,0x00000007af500000)
  from space 130560K, 92% used [0x00000007b8080000,0x00000007bf6e8000,0x00000007c0000000)
  to   space 136704K, 0% used [0x00000007af500000,0x00000007af500000,0x00000007b7a80000)
 ParOldGen       total 1400832K, used 1396407K [0x00000006c1000000, 0x0000000716800000, 0x000000076b000000)
  object space 1400832K, 99% used [0x00000006c1000000,0x00000007163add98,0x0000000716800000)
 Metaspace       used 5236K, capacity 5412K, committed 5504K, reserved 1056768K
  class space    used 572K, capacity 632K, committed 640K, reserved 1048576K

Card table byte_map: [0x0000000011e70000,0x0000000012670000] byte_map_base: 0x000000000e868000

Marking Bits: (ParMarkBitMap*) 0x000000006c26f860
 Begin Bits: [0x00000000135c0000, 0x0000000017580000)
 End Bits:   [0x0000000017580000, 0x000000001b540000)

Polling page: 0x0000000000ae0000

CodeCache: size=245760Kb used=2287Kb max_used=2325Kb free=243472Kb
 bounds [0x0000000002ab0000, 0x0000000002d20000, 0x0000000011ab0000]
 total_blobs=690 nmethods=391 adapters=212
 compilation: enabled

Compilation events (10 events):
Event: 2.611 Thread 0x000000001df3f000  387 %     4       com.resnik.util.math.fractals.Mandelbrot::convergencePlot @ 78 (202 bytes)
Event: 2.656 Thread 0x000000001df40000  388  s    4       java.io.BufferedOutputStream::flush (12 bytes)
Event: 2.657 Thread 0x000000001df40000 nmethod 388 0x0000000002ca8790 code [0x0000000002ca88e0, 0x0000000002ca8c68]
Event: 2.917 Thread 0x000000001df3f000 nmethod 387% 0x0000000002cec390 code [0x0000000002cec860, 0x0000000002cf5e30]
Event: 5.062 Thread 0x000000001df39800  389       4       java.nio.Buffer::limit (62 bytes)
Event: 5.062 Thread 0x000000001df39800 nmethod 389 0x0000000002ca1190 code [0x0000000002ca12e0, 0x0000000002ca13b8]
Event: 7.360 Thread 0x000000001df40000  390       4       java.nio.Buffer::<init> (121 bytes)
Event: 7.361 Thread 0x000000001df40000 nmethod 390 0x0000000002cb49d0 code [0x0000000002cb4b20, 0x0000000002cb4cd8]
Event: 9.674 Thread 0x000000001df3f000  391       4       java.io.FileOutputStream::write (12 bytes)
Event: 9.674 Thread 0x000000001df3f000 nmethod 391 0x0000000002cb5010 code [0x0000000002cb5160, 0x0000000002cb51e8]

GC Heap History (10 events):
Event: 16.677 GC heap after
Heap after GC invocations=89 (full 5):
 PSYoungGen      total 1271296K, used 99424K [0x000000076b000000, 0x00000007bff80000, 0x00000007c0000000)
  eden space 1151488K, 0% used [0x000000076b000000,0x000000076b000000,0x00000007b1480000)
  from space 119808K, 82% used [0x00000007b8a00000,0x00000007beb18000,0x00000007bff00000)
  to   space 120320K, 0% used [0x00000007b1480000,0x00000007b1480000,0x00000007b8a00000)
 ParOldGen       total 1400832K, used 1374127K [0x00000006c1000000, 0x0000000716800000, 0x000000076b000000)
  object space 1400832K, 98% used [0x00000006c1000000,0x0000000714debd98,0x0000000716800000)
 Metaspace       used 5236K, capacity 5412K, committed 5504K, reserved 1056768K
  class space    used 572K, capacity 632K, committed 640K, reserved 1048576K
}
Event: 16.859 GC heap before
{Heap before GC invocations=90 (full 5):
 PSYoungGen      total 1271296K, used 1250912K [0x000000076b000000, 0x00000007bff80000, 0x00000007c0000000)
  eden space 1151488K, 100% used [0x000000076b000000,0x00000007b1480000,0x00000007b1480000)
  from space 119808K, 82% used [0x00000007b8a00000,0x00000007beb18000,0x00000007bff00000)
  to   space 120320K, 0% used [0x00000007b1480000,0x00000007b1480000,0x00000007b8a00000)
 ParOldGen       total 1400832K, used 1374127K [0x00000006c1000000, 0x0000000716800000, 0x000000076b000000)
  object space 1400832K, 98% used [0x00000006c1000000,0x0000000714debd98,0x0000000716800000)
 Metaspace       used 5236K, capacity 5412K, committed 5504K, reserved 1056768K
  class space    used 572K, capacity 632K, committed 640K, reserved 1048576K
Event: 16.892 GC heap after
Heap after GC invocations=90 (full 5):
 PSYoungGen      total 1256448K, used 104896K [0x000000076b000000, 0x00000007c0000000, 0x00000007c0000000)
  eden space 1151488K, 0% used [0x000000076b000000,0x000000076b000000,0x00000007b1480000)
  from space 104960K, 99% used [0x00000007b1480000,0x00000007b7af0000,0x00000007b7b00000)
  to   space 122368K, 0% used [0x00000007b8880000,0x00000007b8880000,0x00000007c0000000)
 ParOldGen       total 1400832K, used 1379527K [0x00000006c1000000, 0x0000000716800000, 0x000000076b000000)
  object space 1400832K, 98% used [0x00000006c1000000,0x0000000715331d98,0x0000000716800000)
 Metaspace       used 5236K, capacity 5412K, committed 5504K, reserved 1056768K
  class space    used 572K, capacity 632K, committed 640K, reserved 1048576K
}
Event: 17.074 GC heap before
{Heap before GC invocations=91 (full 5):
 PSYoungGen      total 1256448K, used 1256384K [0x000000076b000000, 0x00000007c0000000, 0x00000007c0000000)
  eden space 1151488K, 100% used [0x000000076b000000,0x00000007b1480000,0x00000007b1480000)
  from space 104960K, 99% used [0x00000007b1480000,0x00000007b7af0000,0x00000007b7b00000)
  to   space 122368K, 0% used [0x00000007b8880000,0x00000007b8880000,0x00000007c0000000)
 ParOldGen       total 1400832K, used 1379527K [0x00000006c1000000, 0x0000000716800000, 0x000000076b000000)
  object space 1400832K, 98% used [0x00000006c1000000,0x0000000715331d98,0x0000000716800000)
 Metaspace       used 5236K, capacity 5412K, committed 5504K, reserved 1056768K
  class space    used 572K, capacity 632K, committed 640K, reserved 1048576K
Event: 17.110 GC heap after
Heap after GC invocations=91 (full 5):
 PSYoungGen      total 1263104K, used 110624K [0x000000076b000000, 0x00000007c0000000, 0x00000007c0000000)
  eden space 1140736K, 0% used [0x000000076b000000,0x000000076b000000,0x00000007b0a00000)
  from space 122368K, 90% used [0x00000007b8880000,0x00000007bf488000,0x00000007c0000000)
  to   space 125952K, 0% used [0x00000007b0a00000,0x00000007b0a00000,0x00000007b8500000)
 ParOldGen       total 1400832K, used 1384831K [0x00000006c1000000, 0x0000000716800000, 0x000000076b000000)
  object space 1400832K, 98% used [0x00000006c1000000,0x000000071585fd98,0x0000000716800000)
 Metaspace       used 5236K, capacity 5412K, committed 5504K, reserved 1056768K
  class space    used 572K, capacity 632K, committed 640K, reserved 1048576K
}
Event: 17.291 GC heap before
{Heap before GC invocations=92 (full 5):
 PSYoungGen      total 1263104K, used 1251360K [0x000000076b000000, 0x00000007c0000000, 0x00000007c0000000)
  eden space 1140736K, 100% used [0x000000076b000000,0x00000007b0a00000,0x00000007b0a00000)
  from space 122368K, 90% used [0x00000007b8880000,0x00000007bf488000,0x00000007c0000000)
  to   space 125952K, 0% used [0x00000007b0a00000,0x00000007b0a00000,0x00000007b8500000)
 ParOldGen       total 1400832K, used 1384831K [0x00000006c1000000, 0x0000000716800000, 0x000000076b000000)
  object space 1400832K, 98% used [0x00000006c1000000,0x000000071585fd98,0x0000000716800000)
 Metaspace       used 5236K, capacity 5412K, committed 5504K, reserved 1056768K
  class space    used 572K, capacity 632K, committed 640K, reserved 1048576K
Event: 17.327 GC heap after
Heap after GC invocations=92 (full 5):
 PSYoungGen      total 1256960K, used 115776K [0x000000076b000000, 0x00000007c0000000, 0x00000007c0000000)
  eden space 1140736K, 0% used [0x000000076b000000,0x000000076b000000,0x00000007b0a00000)
  from space 116224K, 99% used [0x00000007b0a00000,0x00000007b7b10000,0x00000007b7b80000)
  to   space 130560K, 0% used [0x00000007b8080000,0x00000007b8080000,0x00000007c0000000)
 ParOldGen       total 1400832K, used 1390559K [0x00000006c1000000, 0x0000000716800000, 0x000000076b000000)
  object space 1400832K, 99% used [0x00000006c1000000,0x0000000715df7d98,0x0000000716800000)
 Metaspace       used 5236K, capacity 5412K, committed 5504K, reserved 1056768K
  class space    used 572K, capacity 632K, committed 640K, reserved 1048576K
}
Event: 17.508 GC heap before
{Heap before GC invocations=93 (full 5):
 PSYoungGen      total 1256960K, used 1256512K [0x000000076b000000, 0x00000007c0000000, 0x00000007c0000000)
  eden space 1140736K, 100% used [0x000000076b000000,0x00000007b0a00000,0x00000007b0a00000)
  from space 116224K, 99% used [0x00000007b0a00000,0x00000007b7b10000,0x00000007b7b80000)
  to   space 130560K, 0% used [0x00000007b8080000,0x00000007b8080000,0x00000007c0000000)
 ParOldGen       total 1400832K, used 1390559K [0x00000006c1000000, 0x0000000716800000, 0x000000076b000000)
  object space 1400832K, 99% used [0x00000006c1000000,0x0000000715df7d98,0x0000000716800000)
 Metaspace       used 5236K, capacity 5412K, committed 5504K, reserved 1056768K
  class space    used 572K, capacity 632K, committed 640K, reserved 1048576K
Event: 17.546 GC heap after
Heap after GC invocations=93 (full 5):
 PSYoungGen      total 1249792K, used 121248K [0x000000076b000000, 0x00000007c0000000, 0x00000007c0000000)
  eden space 1119232K, 0% used [0x000000076b000000,0x000000076b000000,0x00000007af500000)
  from space 130560K, 92% used [0x00000007b8080000,0x00000007bf6e8000,0x00000007c0000000)
  to   space 136704K, 0% used [0x00000007af500000,0x00000007af500000,0x00000007b7a80000)
 ParOldGen       total 1400832K, used 1396407K [0x00000006c1000000, 0x0000000716800000, 0x000000076b000000)
  object space 1400832K, 99% used [0x00000006c1000000,0x00000007163add98,0x0000000716800000)
 Metaspace       used 5236K, capacity 5412K, committed 5504K, reserved 1056768K
  class space    used 572K, capacity 632K, committed 640K, reserved 1048576K
}
Event: 17.546 GC heap before
{Heap before GC invocations=94 (full 6):
 PSYoungGen      total 1249792K, used 121248K [0x000000076b000000, 0x00000007c0000000, 0x00000007c0000000)
  eden space 1119232K, 0% used [0x000000076b000000,0x000000076b000000,0x00000007af500000)
  from space 130560K, 92% used [0x00000007b8080000,0x00000007bf6e8000,0x00000007c0000000)
  to   space 136704K, 0% used [0x00000007af500000,0x00000007af500000,0x00000007b7a80000)
 ParOldGen       total 1400832K, used 1396407K [0x00000006c1000000, 0x0000000716800000, 0x000000076b000000)
  object space 1400832K, 99% used [0x00000006c1000000,0x00000007163add98,0x0000000716800000)
 Metaspace       used 5236K, capacity 5412K, committed 5504K, reserved 1056768K
  class space    used 572K, capacity 632K, committed 640K, reserved 1048576K

Deoptimization events (7 events):
Event: 1.996 Thread 0x00000000029b4000 Uncommon trap: reason=unstable_if action=reinterpret pc=0x0000000002c02e68 method=com.resnik.util.math.fractals.Mandelbrot.convergenceLinear(Lcom/resnik/util/math/symbo/ComplexNumber;)I @ 21
Event: 1.996 Thread 0x00000000029b4000 Uncommon trap: reason=unstable_if action=reinterpret pc=0x0000000002bffe88 method=com.resnik.util.math.fractals.CircleApproximation.gradient(D)Ljava/lang/String; @ 19
Event: 1.996 Thread 0x00000000029b4000 Uncommon trap: reason=unstable_if action=reinterpret pc=0x0000000002bf2e20 method=com.resnik.util.math.fractals.CircleApproximation.intToHex(I)Ljava/lang/String; @ 10
Event: 2.030 Thread 0x00000000029b4000 Uncommon trap: reason=unstable_if action=reinterpret pc=0x0000000002bf2880 method=com.resnik.util.math.fractals.Mandelbrot.convergenceLinear(Lcom/resnik/util/math/symbo/ComplexNumber;)I @ 21
Event: 2.030 Thread 0x00000000029b4000 Uncommon trap: reason=unstable_if action=reinterpret pc=0x0000000002bfda2c method=com.resnik.util.math.fractals.CircleApproximation.gradient(D)Ljava/lang/String; @ 19
Event: 2.300 Thread 0x00000000029b4000 Uncommon trap: reason=unstable_if action=reinterpret pc=0x0000000002cb0a2c method=com.resnik.util.math.fractals.CircleApproximation.gradient(D)Ljava/lang/String; @ 106
Event: 2.605 Thread 0x00000000029b4000 Uncommon trap: reason=unstable_if action=reinterpret pc=0x0000000002ccba08 method=com.resnik.util.math.fractals.CircleApproximation.gradient(D)Ljava/lang/String; @ 106

Classes redefined (0 events):
No events

Internal exceptions (9 events):
Event: 0.024 Thread 0x00000000029b4000 Exception <a 'java/lang/NoSuchMethodError': Method sun.misc.Unsafe.defineClass(Ljava/lang/String;[BII)Ljava/lang/Class; name or signature does not match> (0x000000076b007ca0) thrown at [C:\re\workspace\8-2-build-windows-amd64-cygwin\jdk8u161\10277\hotspot
Event: 0.024 Thread 0x00000000029b4000 Exception <a 'java/lang/NoSuchMethodError': Method sun.misc.Unsafe.prefetchRead(Ljava/lang/Object;J)V name or signature does not match> (0x000000076b007f88) thrown at [C:\re\workspace\8-2-build-windows-amd64-cygwin\jdk8u161\10277\hotspot\src\share\vm\prim
Event: 0.399 Thread 0x00000000029b4000 Exception <a 'java/security/PrivilegedActionException'> (0x000000076b7168d8) thrown at [C:\re\workspace\8-2-build-windows-amd64-cygwin\jdk8u161\10277\hotspot\src\share\vm\prims\jvm.cpp, line 1390]
Event: 0.399 Thread 0x00000000029b4000 Exception <a 'java/security/PrivilegedActionException'> (0x000000076b716ae8) thrown at [C:\re\workspace\8-2-build-windows-amd64-cygwin\jdk8u161\10277\hotspot\src\share\vm\prims\jvm.cpp, line 1390]
Event: 0.400 Thread 0x00000000029b4000 Exception <a 'java/security/PrivilegedActionException'> (0x000000076b71abe0) thrown at [C:\re\workspace\8-2-build-windows-amd64-cygwin\jdk8u161\10277\hotspot\src\share\vm\prims\jvm.cpp, line 1390]
Event: 0.400 Thread 0x00000000029b4000 Exception <a 'java/security/PrivilegedActionException'> (0x000000076b71adf0) thrown at [C:\re\workspace\8-2-build-windows-amd64-cygwin\jdk8u161\10277\hotspot\src\share\vm\prims\jvm.cpp, line 1390]
Event: 2.003 Thread 0x00000000029b4000 Exception <a 'java/io/FileNotFoundException'> (0x0000000770371b08) thrown at [C:\re\workspace\8-2-build-windows-amd64-cygwin\jdk8u161\10277\hotspot\src\share\vm\prims\jni.cpp, line 709]
Event: 2.021 Thread 0x00000000029b4000 Exception <a 'java/lang/NoSuchFieldError': method resolution failed> (0x00000007704a13d0) thrown at [C:\re\workspace\8-2-build-windows-amd64-cygwin\jdk8u161\10277\hotspot\src\share\vm\prims\methodHandles.cpp, line 1167]
Event: 2.022 Thread 0x00000000029b4000 Exception <a 'java/lang/NoSuchFieldError': method resolution failed> (0x00000007704af218) thrown at [C:\re\workspace\8-2-build-windows-amd64-cygwin\jdk8u161\10277\hotspot\src\share\vm\prims\methodHandles.cpp, line 1167]

Events (10 events):
Event: 16.466 Executing VM operation: ParallelGCFailedAllocation done
Event: 16.645 Executing VM operation: ParallelGCFailedAllocation
Event: 16.677 Executing VM operation: ParallelGCFailedAllocation done
Event: 16.859 Executing VM operation: ParallelGCFailedAllocation
Event: 16.892 Executing VM operation: ParallelGCFailedAllocation done
Event: 17.074 Executing VM operation: ParallelGCFailedAllocation
Event: 17.110 Executing VM operation: ParallelGCFailedAllocation done
Event: 17.291 Executing VM operation: ParallelGCFailedAllocation
Event: 17.327 Executing VM operation: ParallelGCFailedAllocation done
Event: 17.508 Executing VM operation: ParallelGCFailedAllocation


Dynamic libraries:
0x00007ff6cf6b0000 - 0x00007ff6cf6e7000 	C:\Program Files\Java\jdk1.8.0_161\bin\java.exe
0x00007ffc29020000 - 0x00007ffc29210000 	C:\WINDOWS\SYSTEM32\ntdll.dll
0x00007ffc27c00000 - 0x00007ffc27cb2000 	C:\WINDOWS\System32\KERNEL32.DLL
0x00007ffc26860000 - 0x00007ffc26b03000 	C:\WINDOWS\System32\KERNELBASE.dll
0x00007ffc28ae0000 - 0x00007ffc28b83000 	C:\WINDOWS\System32\ADVAPI32.dll
0x00007ffc28ea0000 - 0x00007ffc28f3e000 	C:\WINDOWS\System32\msvcrt.dll
0x00007ffc28f40000 - 0x00007ffc28fd7000 	C:\WINDOWS\System32\sechost.dll
0x00007ffc27320000 - 0x00007ffc27440000 	C:\WINDOWS\System32\RPCRT4.dll
0x00007ffc274f0000 - 0x00007ffc27684000 	C:\WINDOWS\System32\USER32.dll
0x00007ffc26830000 - 0x00007ffc26851000 	C:\WINDOWS\System32\win32u.dll
0x00007ffc27140000 - 0x00007ffc27166000 	C:\WINDOWS\System32\GDI32.dll
0x00007ffc26c60000 - 0x00007ffc26df4000 	C:\WINDOWS\System32\gdi32full.dll
0x00007ffc26730000 - 0x00007ffc267ce000 	C:\WINDOWS\System32\msvcp_win.dll
0x00007ffc26b60000 - 0x00007ffc26c5a000 	C:\WINDOWS\System32\ucrtbase.dll
0x00007ffc19760000 - 0x00007ffc199e5000 	C:\WINDOWS\WinSxS\amd64_microsoft.windows.common-controls_6595b64144ccf1df_6.0.18362.592_none_e6c0b1911312be02\COMCTL32.dll
0x00007ffc27690000 - 0x00007ffc279c6000 	C:\WINDOWS\System32\combase.dll
0x00007ffc27020000 - 0x00007ffc270a0000 	C:\WINDOWS\System32\bcryptPrimitives.dll
0x00007ffc27240000 - 0x00007ffc2726e000 	C:\WINDOWS\System32\IMM32.DLL
0x00007ffc25000000 - 0x00007ffc25031000 	C:\WINDOWS\SYSTEM32\ntmarta.dll
0x00007ffc25e10000 - 0x00007ffc25e3f000 	C:\WINDOWS\SYSTEM32\SspiCli.dll
0x000000006ccb0000 - 0x000000006cd82000 	C:\Program Files\Java\jdk1.8.0_161\jre\bin\msvcr100.dll
0x000000006ba50000 - 0x000000006c2ef000 	C:\Program Files\Java\jdk1.8.0_161\jre\bin\server\jvm.dll
0x00007ffc27b90000 - 0x00007ffc27b98000 	C:\WINDOWS\System32\PSAPI.DLL
0x00007ffc229f0000 - 0x00007ffc229f9000 	C:\WINDOWS\SYSTEM32\WSOCK32.dll
0x00007ffc28a70000 - 0x00007ffc28adf000 	C:\WINDOWS\System32\WS2_32.dll
0x00007ffc23ca0000 - 0x00007ffc23cc4000 	C:\WINDOWS\SYSTEM32\WINMM.dll
0x00007ffc211f0000 - 0x00007ffc211fa000 	C:\WINDOWS\SYSTEM32\VERSION.dll
0x00007ffc23c40000 - 0x00007ffc23c6d000 	C:\WINDOWS\SYSTEM32\WINMMBASE.dll
0x00007ffc26b10000 - 0x00007ffc26b5a000 	C:\WINDOWS\System32\cfgmgr32.dll
0x000000006cca0000 - 0x000000006ccaf000 	C:\Program Files\Java\jdk1.8.0_161\jre\bin\verify.dll
0x000000006cc70000 - 0x000000006cc99000 	C:\Program Files\Java\jdk1.8.0_161\jre\bin\java.dll
0x000000006cbd0000 - 0x000000006cbf3000 	C:\Program Files\Java\jdk1.8.0_161\jre\bin\instrument.dll
0x000000006cc50000 - 0x000000006cc66000 	C:\Program Files\Java\jdk1.8.0_161\jre\bin\zip.dll
0x00007ffc28140000 - 0x00007ffc28825000 	C:\WINDOWS\System32\SHELL32.dll
0x00007ffc27440000 - 0x00007ffc274e9000 	C:\WINDOWS\System32\shcore.dll
0x00007ffc25fb0000 - 0x00007ffc2672f000 	C:\WINDOWS\System32\windows.storage.dll
0x00007ffc25f00000 - 0x00007ffc25f1f000 	C:\WINDOWS\System32\profapi.dll
0x00007ffc25f60000 - 0x00007ffc25faa000 	C:\WINDOWS\System32\powrprof.dll
0x00007ffc25ef0000 - 0x00007ffc25f00000 	C:\WINDOWS\System32\UMPDC.dll
0x00007ffc270d0000 - 0x00007ffc27122000 	C:\WINDOWS\System32\shlwapi.dll
0x00007ffc25f20000 - 0x00007ffc25f31000 	C:\WINDOWS\System32\kernel.appcore.dll
0x00007ffc27000000 - 0x00007ffc27017000 	C:\WINDOWS\System32\cryptsp.dll
0x00007ffc238b0000 - 0x00007ffc238ca000 	C:\Program Files\JetBrains\IntelliJ IDEA Community Edition 2019.2.3\bin\breakgen64.dll
0x000000006cc30000 - 0x000000006cc4a000 	C:\Program Files\Java\jdk1.8.0_161\jre\bin\net.dll
0x00007ffc25700000 - 0x00007ffc25767000 	C:\WINDOWS\system32\mswsock.dll
0x000000006ca30000 - 0x000000006cbc8000 	C:\Program Files\Java\jdk1.8.0_161\jre\bin\awt.dll
0x00007ffc27170000 - 0x00007ffc27234000 	C:\WINDOWS\System32\OLEAUT32.dll
0x00007ffc23da0000 - 0x00007ffc23e2f000 	C:\WINDOWS\SYSTEM32\apphelp.dll
0x00007ffc0f070000 - 0x00007ffc0f264000 	C:\WINDOWS\SYSTEM32\dbghelp.dll

VM Arguments:
jvm_args: -javaagent:C:\Program Files\JetBrains\IntelliJ IDEA Community Edition 2019.2.3\lib\idea_rt.jar=30351:C:\Program Files\JetBrains\IntelliJ IDEA Community Edition 2019.2.3\bin -Dfile.encoding=UTF-8 
java_command: com.resnik.util.math.fractals.Mandelbrot
java_class_path (initial): C:\Program Files\Java\jdk1.8.0_161\jre\lib\charsets.jar;C:\Program Files\Java\jdk1.8.0_161\jre\lib\deploy.jar;C:\Program Files\Java\jdk1.8.0_161\jre\lib\ext\access-bridge-64.jar;C:\Program Files\Java\jdk1.8.0_161\jre\lib\ext\cldrdata.jar;C:\Program Files\Java\jdk1.8.0_161\jre\lib\ext\dnsns.jar;C:\Program Files\Java\jdk1.8.0_161\jre\lib\ext\jaccess.jar;C:\Program Files\Java\jdk1.8.0_161\jre\lib\ext\jfxrt.jar;C:\Program Files\Java\jdk1.8.0_161\jre\lib\ext\localedata.jar;C:\Program Files\Java\jdk1.8.0_161\jre\lib\ext\nashorn.jar;C:\Program Files\Java\jdk1.8.0_161\jre\lib\ext\sunec.jar;C:\Program Files\Java\jdk1.8.0_161\jre\lib\ext\sunjce_provider.jar;C:\Program Files\Java\jdk1.8.0_161\jre\lib\ext\sunmscapi.jar;C:\Program Files\Java\jdk1.8.0_161\jre\lib\ext\sunpkcs11.jar;C:\Program Files\Java\jdk1.8.0_161\jre\lib\ext\zipfs.jar;C:\Program Files\Java\jdk1.8.0_161\jre\lib\javaws.jar;C:\Program Files\Java\jdk1.8.0_161\jre\lib\jce.jar;C:\Program Files\Java\jdk1.8.0_161\jre\lib\jfr.jar;C:\Program Files\Java\jdk1.8.0_161\jre\lib\jfxswt.jar;C:\Program Files\Java\jdk1.8.0_161\jre\lib\jsse.jar;C:\Program Files\Java\jdk1.8.0_161\jre\lib\management-agent.jar;C:\Program Files\Java\jdk1.8.0_161\jre\lib\plugin.jar;C:\Program Files\Java\jdk1.8.0_161\jre\lib\resources.jar;C:\Program Files\Java\jdk1.8.0_161\jre\lib\rt.jar;D:\Projects\Github_Projects\mtresnik\utilities\src\out\production\utilities;D:\Projects\Github_Projects\mtresnik\utilities\src\lib\fxyz.jar;D:\Projects\Github_Projects\mtresnik\utilities\src\lib\hamcrest-core-1.3.jar;D:\Projects\Github_Projects\mtresnik\utilities\src\lib\junit-4.12.jar;D:\Projects\Github_Projects\mtresnik\utilities\src\lib\kotlin-reflect.jar;D:\Projects\Github_Projects\mtresnik\utilities\src\lib\kotlin-stdlib-jdk7.jar;D:\Projects\Github_Projects\mtresnik\utilities\src\lib\kotlin-stdlib-jdk8.jar;D:\Projects\Github_Projects\mtresnik\utilities\src\lib\kotlin-stdlib.jar;D:\Projects\Github_Projects\mtresnik\utilities\src\lib\kotl
Launcher Type: SUN_STANDARD

Environment Variables:
JAVA_HOME=C:\Program Files\Java\jdk1.8.0_161
PATH=C:\Program Files (x86)\Common Files\Oracle\Java\javapath;C:\ProgramData\Oracle\Java\javapath;C:\Windows\system32;C:\Windows;C:\Windows\System32\Wbem;C:\Windows\System32\WindowsPowerShell\v1.0\;C:\Program Files (x86)\NVIDIA Corporation\PhysX\Common;C:\Program Files\Git\cmd;D:\Eth;D:\ProgramFiles\AOMEI Backupper;C:\WINDOWS\system32;C:\WINDOWS;C:\WINDOWS\System32\Wbem;C:\WINDOWS\System32\WindowsPowerShell\v1.0\;C:\WINDOWS\System32\OpenSSH\;C:\Program Files\Apache\maven\bin;C:\Users\Mike\.dnx\bin;C:\Program Files\Microsoft DNX\Dnvm\;C:\Program Files (x86)\Windows Kits\8.1\Windows Performance Toolkit\;C:\Program Files\Microsoft SQL Server\120\Tools\Binn\;C:\Program Files\Microsoft SQL Server\130\Tools\Binn\;C:\Users\Mike\AppData\Local\Programs\Python\Python37-32;C:\Program Files\NVIDIA Corporation\NVIDIA NvDLISR;C:\Users\Mike\AppData\Local\Programs\Python\Python37-32\Scripts;C:\Program Files\Java\jdk1.8.0_161\bin;C:\PostgreSQL\pg11\bin;C:\Program Files\Microsoft SQL Server\Client SDK\ODBC\130\Tools\Binn\;C:\Program Files (x86)\Microsoft SQL Server\140\Tools\Binn\;C:\Program Files\Microsoft SQL Server\140\Tools\Binn\;C:\Program Files\Microsoft SQL Server\140\DTS\Binn\;C:\mingw64\bin;D:\Projects\command_line;;%SystemRoot%\system32;%SystemRoot%;%SystemRoot%\System32\Wbem;%SYSTEMROOT%\System32\WindowsPowerShell\v1.0\;%SYSTEMROOT%\System32\OpenSSH\;C:\Users\Mike\AppData\Local\Microsoft\WindowsApps;C:\Users\Mike\AppData\Local\atom\bin;C:\Users\Mike\AppData\Local\Microsoft\WindowsApps;C:\Users\Mike\AppData\Local\Programs\MiKTeX 2.9\miktex\bin\x64\;;C:\Program Files\JetBrains\PyCharm Community Edition 2018.3.5\bin;
USERNAME=Mike
OS=Windows_NT
PROCESSOR_IDENTIFIER=Intel64 Family 6 Model 158 Stepping 10, GenuineIntel



---------------  S Y S T E M  ---------------

OS: Windows 10.0 , 64 bit Build 18362 (10.0.18362.329)

CPU:total 12 (initial active 12) (6 cores per cpu, 2 threads per core) family 6 model 158 stepping 10, cmov, cx8, fxsr, mmx, sse, sse2, sse3, ssse3, sse4.1, sse4.2, popcnt, avx, avx2, aes, clmul, erms, rtm, 3dnowpref, lzcnt, ht, tsc, tscinvbit, bmi1, bmi2, adx

Memory: 4k page, physical 16711252k(8722988k free), swap 20381268k(8101912k free)

vm_info: Java HotSpot(TM) 64-Bit Server VM (25.161-b12) for windows-amd64 JRE (1.8.0_161-b12), built on Dec 19 2017 17:52:25 by "java_re" with MS VC++ 10.0 (VS2010)

time: Fri Jan 31 10:14:10 2020
elapsed time: 17 seconds (0d 0h 0m 17s)

