#
# A fatal error has been detected by the Java Runtime Environment:
#
#  EXCEPTION_ACCESS_VIOLATION (0xc0000005) at pc=0x000000006be04ac6, pid=20192, tid=0x0000000000004a00
#
# JRE version: Java(TM) SE Runtime Environment (8.0_161-b12) (build 1.8.0_161-b12)
# Java VM: Java HotSpot(TM) 64-Bit Server VM (25.161-b12 mixed mode windows-amd64 compressed oops)
# Problematic frame:
# V  [jvm.dll+0x3b4ac6]
#
# Failed to write core dump. Minidumps are not enabled by default on client versions of Windows
#
# If you would like to submit a bug report, please visit:
#   http://bugreport.java.com/bugreport/crash.jsp
#

---------------  T H R E A D  ---------------

Current thread (0x00000000028a9800):  GCTaskThread [stack: 0x0000000012aa0000,0x0000000012ba0000] [id=18944]

siginfo: ExceptionCode=0xc0000005, ExceptionInformation=0x0000000000000008 0x0000000008e04ac6

Registers:
RAX=0x0000000000017e9d, RBX=0x0000000000000003, RCX=0x0000000000000175, RDX=0x000000001c545120
RSP=0x0000000012b9f840, RBP=0x0000000012b9f920, RSI=0x0000000000000000, RDI=0x000000000296a920
R8 =0x0000000000000177, R9 =0x000000001e264db0, R10=0x0000000000000006, R11=0x0000000012b9f8b0
R12=0x0000000000000000, R13=0x0000000012b9f938, R14=0x0000000000000000, R15=0x00000000028a9da0
RIP=0x000000006be04ac6, EFLAGS=0x0000000000010202

Top of Stack: (sp=0x0000000012b9f840)
0x0000000012b9f840:   000000006c0a5c28 000561f800000c04
0x0000000012b9f850:   0016479f000089cf 001647a0000089cf
0x0000000012b9f860:   001550e700017e9d 0000000000000000
0x0000000012b9f870:   0000000700000000 0016e4dc0000183b
0x0000000012b9f880:   001550e700017e9c 0016e4dc0000183a
0x0000000012b9f890:   00000000028a27c0 00000000028a27c0
0x0000000012b9f8a0:   00000000028a9da0 00000000028a9d90
0x0000000012b9f8b0:   00000000028a9d90 00000000028a27c0
0x0000000012b9f8c0:   000000006c0a5c28 0000000000000000
0x0000000012b9f8d0:   0000000021174070 000000006be46327
0x0000000012b9f8e0:   001550e700017e9c 0000000002989cc0
0x0000000012b9f8f0:   0000000000000000 000561f800000c04
0x0000000012b9f900:   0000000000000000 0000000000000000
0x0000000012b9f910:   0000000021174070 000000006be4380e
0x0000000012b9f920:   000000001e264db0 00000000028a9800
0x0000000012b9f930:   0000000000000000 0000000736305e18 

Instructions: (pc=0x000000006be04ac6)
0x000000006be04aa6:   44 24 20 2b c8 81 e1 ff ff 01 00 81 f9 ff ff 01
0x000000006be04ab6:   00 41 0f 44 ce 85 c9 75 07 32 c0 e9 e3 00 00 00
0x000000006be04ac6:   8b 4c 24 20 48 8b 42 30 48 8b 0c c8 48 8b 5c 24
0x000000006be04ad6:   20 8d 43 01 48 89 9c 24 a0 00 00 00 49 89 4d 00 


Register to memory mapping:

RAX=0x0000000000017e9d is an unknown value
RBX=0x0000000000000003 is an unknown value
RCX=0x0000000000000175 is an unknown value
RDX=0x000000001c545120 is an unknown value
RSP=0x0000000012b9f840 is an unknown value
RBP=0x0000000012b9f920 is an unknown value
RSI=0x0000000000000000 is an unknown value
RDI=0x000000000296a920 is an unknown value
R8 =0x0000000000000177 is an unknown value
R9 =0x000000001e264db0 is an unknown value
R10=0x0000000000000006 is an unknown value
R11=0x0000000012b9f8b0 is an unknown value
R12=0x0000000000000000 is an unknown value
R13=0x0000000012b9f938 is an unknown value
R14=0x0000000000000000 is an unknown value
R15=0x00000000028a9da0 is an unknown value


Stack: [0x0000000012aa0000,0x0000000012ba0000],  sp=0x0000000012b9f840,  free space=1022k
Native frames: (J=compiled Java code, j=interpreted, Vv=VM code, C=native code)
V  [jvm.dll+0x3b4ac6]
V  [jvm.dll+0x3f6327]
V  [jvm.dll+0x3f380e]
V  [jvm.dll+0x29cc4a]
C  [msvcr100.dll+0x21d9f]
C  [msvcr100.dll+0x21e3b]
C  [KERNEL32.DLL+0x17bd4]
C  [ntdll.dll+0x6ced1]


---------------  P R O C E S S  ---------------

Java Threads: ( => current thread )
  0x000000001debd800 JavaThread "Service Thread" daemon [_thread_blocked, id=18264, stack(0x000000001f840000,0x000000001f940000)]
  0x000000001de32000 JavaThread "C1 CompilerThread3" daemon [_thread_blocked, id=15556, stack(0x000000001f740000,0x000000001f840000)]
  0x000000001de21000 JavaThread "C2 CompilerThread2" daemon [_thread_blocked, id=8776, stack(0x000000001f640000,0x000000001f740000)]
  0x000000001de20000 JavaThread "C2 CompilerThread1" daemon [_thread_blocked, id=9964, stack(0x000000001f540000,0x000000001f640000)]
  0x000000001de16800 JavaThread "C2 CompilerThread0" daemon [_thread_blocked, id=8684, stack(0x000000001f440000,0x000000001f540000)]
  0x000000001de0a000 JavaThread "Monitor Ctrl-Break" daemon [_thread_in_native, id=7608, stack(0x000000001f340000,0x000000001f440000)]
  0x000000001dcf1800 JavaThread "Attach Listener" daemon [_thread_blocked, id=16956, stack(0x000000001f240000,0x000000001f340000)]
  0x000000001dcf0800 JavaThread "Signal Dispatcher" daemon [_thread_blocked, id=5788, stack(0x000000001f140000,0x000000001f240000)]
  0x000000001dce3800 JavaThread "Finalizer" daemon [_thread_blocked, id=7192, stack(0x000000001ef40000,0x000000001f040000)]
  0x000000000298e000 JavaThread "Reference Handler" daemon [_thread_blocked, id=16692, stack(0x000000001ee40000,0x000000001ef40000)]
  0x0000000002894000 JavaThread "main" [_thread_blocked, id=20728, stack(0x0000000002520000,0x0000000002620000)]

Other Threads:
  0x000000001c607000 VMThread [stack: 0x000000001ed40000,0x000000001ee40000] [id=18656]
  0x000000001de14000 WatcherThread [stack: 0x000000001f940000,0x000000001fa40000] [id=12700]

=>0x00000000028a9800 (exited) GCTaskThread [stack: 0x0000000012aa0000,0x0000000012ba0000] [id=18944]

VM state:at safepoint (normal execution)

VM Mutex/Monitor currently owned by a thread:  ([mutex/lock_event])
[0x0000000002891a50] Threads_lock - owner thread: 0x000000001c607000
[0x00000000028913d0] Heap_lock - owner thread: 0x0000000002894000

Heap:
 PSYoungGen      total 776704K, used 620544K [0x000000076b000000, 0x00000007bc780000, 0x00000007c0000000)
  eden space 620544K, 100% used [0x000000076b000000,0x0000000790e00000,0x0000000790e00000)
  from space 156160K, 0% used [0x0000000790e00000,0x0000000790e00000,0x000000079a680000)
  to   space 350208K, 2% used [0x00000007a7180000,0x00000007a79033b0,0x00000007bc780000)
 ParOldGen       total 2785280K, used 2666925K [0x00000006c1000000, 0x000000076b000000, 0x000000076b000000)
  object space 2785280K, 95% used [0x00000006c1000000,0x0000000763c6b758,0x000000076b000000)
 Metaspace       used 5516K, capacity 5702K, committed 5888K, reserved 1056768K
  class space    used 601K, capacity 666K, committed 768K, reserved 1048576K

Card table byte_map: [0x0000000011d50000,0x0000000012550000] byte_map_base: 0x000000000e748000

Marking Bits: (ParMarkBitMap*) 0x000000006c26f860
 Begin Bits: [0x00000000134a0000, 0x0000000017460000)
 End Bits:   [0x0000000017460000, 0x000000001b420000)

Polling page: 0x00000000009f0000

CodeCache: size=245760Kb used=2363Kb max_used=2376Kb free=243396Kb
 bounds [0x0000000002990000, 0x0000000002c00000, 0x0000000011990000]
 total_blobs=740 nmethods=418 adapters=235
 compilation: enabled

Compilation events (10 events):
Event: 37.462 Thread 0x000000001de16800  415  s    4       java.awt.image.BufferedImage::setRGB (19 bytes)
Event: 37.462 Thread 0x000000001de20000 nmethod 414 0x0000000002b8c2d0 code [0x0000000002b8c400, 0x0000000002b8c4b8]
Event: 37.463 Thread 0x000000001de21000 nmethod 410 0x0000000002bc6e90 code [0x0000000002bc7000, 0x0000000002bc75b8]
Event: 37.463 Thread 0x000000001de32000  416 %     3       com.resnik.util.images.ImageUtils::saveImageFromByteArray @ 61 (129 bytes)
Event: 37.463 Thread 0x000000001de16800 nmethod 415 0x0000000002bca9d0 code [0x0000000002bcab40, 0x0000000002bcb0c8]
Event: 37.464 Thread 0x000000001de32000 nmethod 416% 0x0000000002bc3e50 code [0x0000000002bc4160, 0x0000000002bc57b8]
Event: 37.464 Thread 0x000000001de32000  417       3       com.resnik.util.images.ImageUtils::saveImageFromByteArray (129 bytes)
Event: 37.465 Thread 0x000000001de32000 nmethod 417 0x0000000002bc1890 code [0x0000000002bc1b80, 0x0000000002bc3098]
Event: 37.465 Thread 0x000000001de20000  418 %     4       com.resnik.util.images.ImageUtils::saveImageFromByteArray @ 61 (129 bytes)
Event: 37.469 Thread 0x000000001de20000 nmethod 418% 0x0000000002bc8350 code [0x0000000002bc8500, 0x0000000002bc8fc8]

GC Heap History (10 events):
Event: 113.638 GC heap after
Heap after GC invocations=213 (full 71):
 PSYoungGen      total 776704K, used 620479K [0x000000076b000000, 0x00000007bc780000, 0x00000007c0000000)
  eden space 620544K, 99% used [0x000000076b000000,0x0000000790deff30,0x0000000790e00000)
  from space 156160K, 0% used [0x0000000790e00000,0x0000000790e00000,0x000000079a680000)
  to   space 350208K, 2% used [0x00000007a7180000,0x00000007a79033b0,0x00000007bc780000)
 ParOldGen       total 2785280K, used 2666925K [0x00000006c1000000, 0x000000076b000000, 0x000000076b000000)
  object space 2785280K, 95% used [0x00000006c1000000,0x0000000763c6b758,0x000000076b000000)
 Metaspace       used 5516K, capacity 5702K, committed 5888K, reserved 1056768K
  class space    used 601K, capacity 666K, committed 768K, reserved 1048576K
}
Event: 113.638 GC heap before
{Heap before GC invocations=214 (full 72):
 PSYoungGen      total 776704K, used 620544K [0x000000076b000000, 0x00000007bc780000, 0x00000007c0000000)
  eden space 620544K, 100% used [0x000000076b000000,0x0000000790e00000,0x0000000790e00000)
  from space 156160K, 0% used [0x0000000790e00000,0x0000000790e00000,0x000000079a680000)
  to   space 350208K, 2% used [0x00000007a7180000,0x00000007a79033b0,0x00000007bc780000)
 ParOldGen       total 2785280K, used 2666925K [0x00000006c1000000, 0x000000076b000000, 0x000000076b000000)
  object space 2785280K, 95% used [0x00000006c1000000,0x0000000763c6b758,0x000000076b000000)
 Metaspace       used 5516K, capacity 5702K, committed 5888K, reserved 1056768K
  class space    used 601K, capacity 666K, committed 768K, reserved 1048576K
Event: 114.841 GC heap after
Heap after GC invocations=214 (full 72):
 PSYoungGen      total 776704K, used 620479K [0x000000076b000000, 0x00000007bc780000, 0x00000007c0000000)
  eden space 620544K, 99% used [0x000000076b000000,0x0000000790deff30,0x0000000790e00000)
  from space 156160K, 0% used [0x0000000790e00000,0x0000000790e00000,0x000000079a680000)
  to   space 350208K, 2% used [0x00000007a7180000,0x00000007a79033b0,0x00000007bc780000)
 ParOldGen       total 2785280K, used 2666925K [0x00000006c1000000, 0x000000076b000000, 0x000000076b000000)
  object space 2785280K, 95% used [0x00000006c1000000,0x0000000763c6b758,0x000000076b000000)
 Metaspace       used 5516K, capacity 5702K, committed 5888K, reserved 1056768K
  class space    used 601K, capacity 666K, committed 768K, reserved 1048576K
}
Event: 114.841 GC heap before
{Heap before GC invocations=215 (full 73):
 PSYoungGen      total 776704K, used 620544K [0x000000076b000000, 0x00000007bc780000, 0x00000007c0000000)
  eden space 620544K, 100% used [0x000000076b000000,0x0000000790e00000,0x0000000790e00000)
  from space 156160K, 0% used [0x0000000790e00000,0x0000000790e00000,0x000000079a680000)
  to   space 350208K, 2% used [0x00000007a7180000,0x00000007a79033b0,0x00000007bc780000)
 ParOldGen       total 2785280K, used 2666925K [0x00000006c1000000, 0x000000076b000000, 0x000000076b000000)
  object space 2785280K, 95% used [0x00000006c1000000,0x0000000763c6b758,0x000000076b000000)
 Metaspace       used 5516K, capacity 5702K, committed 5888K, reserved 1056768K
  class space    used 601K, capacity 666K, committed 768K, reserved 1048576K
Event: 115.997 GC heap after
Heap after GC invocations=215 (full 73):
 PSYoungGen      total 776704K, used 620479K [0x000000076b000000, 0x00000007bc780000, 0x00000007c0000000)
  eden space 620544K, 99% used [0x000000076b000000,0x0000000790deff30,0x0000000790e00000)
  from space 156160K, 0% used [0x0000000790e00000,0x0000000790e00000,0x000000079a680000)
  to   space 350208K, 2% used [0x00000007a7180000,0x00000007a79033b0,0x00000007bc780000)
 ParOldGen       total 2785280K, used 2666925K [0x00000006c1000000, 0x000000076b000000, 0x000000076b000000)
  object space 2785280K, 95% used [0x00000006c1000000,0x0000000763c6b758,0x000000076b000000)
 Metaspace       used 5516K, capacity 5702K, committed 5888K, reserved 1056768K
  class space    used 601K, capacity 666K, committed 768K, reserved 1048576K
}
Event: 115.997 GC heap before
{Heap before GC invocations=216 (full 74):
 PSYoungGen      total 776704K, used 620544K [0x000000076b000000, 0x00000007bc780000, 0x00000007c0000000)
  eden space 620544K, 100% used [0x000000076b000000,0x0000000790e00000,0x0000000790e00000)
  from space 156160K, 0% used [0x0000000790e00000,0x0000000790e00000,0x000000079a680000)
  to   space 350208K, 2% used [0x00000007a7180000,0x00000007a79033b0,0x00000007bc780000)
 ParOldGen       total 2785280K, used 2666925K [0x00000006c1000000, 0x000000076b000000, 0x000000076b000000)
  object space 2785280K, 95% used [0x00000006c1000000,0x0000000763c6b758,0x000000076b000000)
 Metaspace       used 5516K, capacity 5702K, committed 5888K, reserved 1056768K
  class space    used 601K, capacity 666K, committed 768K, reserved 1048576K
Event: 117.231 GC heap after
Heap after GC invocations=216 (full 74):
 PSYoungGen      total 776704K, used 620479K [0x000000076b000000, 0x00000007bc780000, 0x00000007c0000000)
  eden space 620544K, 99% used [0x000000076b000000,0x0000000790deff30,0x0000000790e00000)
  from space 156160K, 0% used [0x0000000790e00000,0x0000000790e00000,0x000000079a680000)
  to   space 350208K, 2% used [0x00000007a7180000,0x00000007a79033b0,0x00000007bc780000)
 ParOldGen       total 2785280K, used 2666925K [0x00000006c1000000, 0x000000076b000000, 0x000000076b000000)
  object space 2785280K, 95% used [0x00000006c1000000,0x0000000763c6b758,0x000000076b000000)
 Metaspace       used 5516K, capacity 5702K, committed 5888K, reserved 1056768K
  class space    used 601K, capacity 666K, committed 768K, reserved 1048576K
}
Event: 117.231 GC heap before
{Heap before GC invocations=217 (full 75):
 PSYoungGen      total 776704K, used 620544K [0x000000076b000000, 0x00000007bc780000, 0x00000007c0000000)
  eden space 620544K, 100% used [0x000000076b000000,0x0000000790e00000,0x0000000790e00000)
  from space 156160K, 0% used [0x0000000790e00000,0x0000000790e00000,0x000000079a680000)
  to   space 350208K, 2% used [0x00000007a7180000,0x00000007a79033b0,0x00000007bc780000)
 ParOldGen       total 2785280K, used 2666925K [0x00000006c1000000, 0x000000076b000000, 0x000000076b000000)
  object space 2785280K, 95% used [0x00000006c1000000,0x0000000763c6b758,0x000000076b000000)
 Metaspace       used 5516K, capacity 5702K, committed 5888K, reserved 1056768K
  class space    used 601K, capacity 666K, committed 768K, reserved 1048576K
Event: 118.449 GC heap after
Heap after GC invocations=217 (full 75):
 PSYoungGen      total 776704K, used 620479K [0x000000076b000000, 0x00000007bc780000, 0x00000007c0000000)
  eden space 620544K, 99% used [0x000000076b000000,0x0000000790deff30,0x0000000790e00000)
  from space 156160K, 0% used [0x0000000790e00000,0x0000000790e00000,0x000000079a680000)
  to   space 350208K, 2% used [0x00000007a7180000,0x00000007a79033b0,0x00000007bc780000)
 ParOldGen       total 2785280K, used 2666925K [0x00000006c1000000, 0x000000076b000000, 0x000000076b000000)
  object space 2785280K, 95% used [0x00000006c1000000,0x0000000763c6b758,0x000000076b000000)
 Metaspace       used 5516K, capacity 5702K, committed 5888K, reserved 1056768K
  class space    used 601K, capacity 666K, committed 768K, reserved 1048576K
}
Event: 118.449 GC heap before
{Heap before GC invocations=218 (full 76):
 PSYoungGen      total 776704K, used 620544K [0x000000076b000000, 0x00000007bc780000, 0x00000007c0000000)
  eden space 620544K, 100% used [0x000000076b000000,0x0000000790e00000,0x0000000790e00000)
  from space 156160K, 0% used [0x0000000790e00000,0x0000000790e00000,0x000000079a680000)
  to   space 350208K, 2% used [0x00000007a7180000,0x00000007a79033b0,0x00000007bc780000)
 ParOldGen       total 2785280K, used 2666925K [0x00000006c1000000, 0x000000076b000000, 0x000000076b000000)
  object space 2785280K, 95% used [0x00000006c1000000,0x0000000763c6b758,0x000000076b000000)
 Metaspace       used 5516K, capacity 5702K, committed 5888K, reserved 1056768K
  class space    used 601K, capacity 666K, committed 768K, reserved 1048576K

Deoptimization events (9 events):
Event: 2.369 Thread 0x0000000002894000 Uncommon trap: reason=unstable_if action=reinterpret pc=0x0000000002ad3334 method=com.resnik.util.math.fractals.CircleApproximation.gradient(D)Ljava/lang/String; @ 19
Event: 2.371 Thread 0x0000000002894000 Uncommon trap: reason=unstable_if action=reinterpret pc=0x0000000002ae5b24 method=com.resnik.util.math.fractals.Mandelbrot.convergenceLinear(Lcom/resnik/util/math/symbo/ComplexNumber;)I @ 21
Event: 2.371 Thread 0x0000000002894000 Uncommon trap: reason=unstable_if action=reinterpret pc=0x0000000002ae07bc method=com.resnik.util.math.fractals.CircleApproximation.gradient(D)Ljava/lang/String; @ 19
Event: 2.371 Thread 0x0000000002894000 Uncommon trap: reason=unstable_if action=reinterpret pc=0x0000000002ad4fe0 method=com.resnik.util.math.fractals.CircleApproximation.intToHex(I)Ljava/lang/String; @ 10
Event: 2.403 Thread 0x0000000002894000 Uncommon trap: reason=unstable_if action=reinterpret pc=0x0000000002ace93c method=com.resnik.util.math.fractals.Mandelbrot.convergenceLinear(Lcom/resnik/util/math/symbo/ComplexNumber;)I @ 21
Event: 2.403 Thread 0x0000000002894000 Uncommon trap: reason=unstable_if action=reinterpret pc=0x0000000002b3fe84 method=com.resnik.util.math.fractals.CircleApproximation.intToHex(I)Ljava/lang/String; @ 10
Event: 2.844 Thread 0x0000000002894000 Uncommon trap: reason=unstable_if action=reinterpret pc=0x0000000002b8fcac method=com.resnik.util.math.fractals.CircleApproximation.gradient(D)Ljava/lang/String; @ 106
Event: 3.151 Thread 0x0000000002894000 Uncommon trap: reason=unstable_if action=reinterpret pc=0x0000000002baac88 method=com.resnik.util.math.fractals.CircleApproximation.gradient(D)Ljava/lang/String; @ 106
Event: 37.389 Thread 0x0000000002894000 Uncommon trap: reason=unstable_if action=reinterpret pc=0x0000000002bd22bc method=com.resnik.util.math.fractals.Mandelbrot.convergencePlot()[[[B @ 62

Classes redefined (0 events):
No events

Internal exceptions (9 events):
Event: 0.024 Thread 0x0000000002894000 Exception <a 'java/lang/NoSuchMethodError': Method sun.misc.Unsafe.defineClass(Ljava/lang/String;[BII)Ljava/lang/Class; name or signature does not match> (0x000000076b007ca0) thrown at [C:\re\workspace\8-2-build-windows-amd64-cygwin\jdk8u161\10277\hotspot
Event: 0.024 Thread 0x0000000002894000 Exception <a 'java/lang/NoSuchMethodError': Method sun.misc.Unsafe.prefetchRead(Ljava/lang/Object;J)V name or signature does not match> (0x000000076b007f88) thrown at [C:\re\workspace\8-2-build-windows-amd64-cygwin\jdk8u161\10277\hotspot\src\share\vm\prim
Event: 0.422 Thread 0x0000000002894000 Exception <a 'java/security/PrivilegedActionException'> (0x00000007707a0830) thrown at [C:\re\workspace\8-2-build-windows-amd64-cygwin\jdk8u161\10277\hotspot\src\share\vm\prims\jvm.cpp, line 1390]
Event: 0.422 Thread 0x0000000002894000 Exception <a 'java/security/PrivilegedActionException'> (0x00000007707a0a40) thrown at [C:\re\workspace\8-2-build-windows-amd64-cygwin\jdk8u161\10277\hotspot\src\share\vm\prims\jvm.cpp, line 1390]
Event: 0.423 Thread 0x0000000002894000 Exception <a 'java/security/PrivilegedActionException'> (0x00000007707a4b38) thrown at [C:\re\workspace\8-2-build-windows-amd64-cygwin\jdk8u161\10277\hotspot\src\share\vm\prims\jvm.cpp, line 1390]
Event: 0.423 Thread 0x0000000002894000 Exception <a 'java/security/PrivilegedActionException'> (0x00000007707a4d48) thrown at [C:\re\workspace\8-2-build-windows-amd64-cygwin\jdk8u161\10277\hotspot\src\share\vm\prims\jvm.cpp, line 1390]
Event: 2.378 Thread 0x0000000002894000 Exception <a 'java/io/FileNotFoundException'> (0x0000000781a92110) thrown at [C:\re\workspace\8-2-build-windows-amd64-cygwin\jdk8u161\10277\hotspot\src\share\vm\prims\jni.cpp, line 709]
Event: 2.394 Thread 0x0000000002894000 Exception <a 'java/lang/NoSuchFieldError': method resolution failed> (0x0000000781bc19d8) thrown at [C:\re\workspace\8-2-build-windows-amd64-cygwin\jdk8u161\10277\hotspot\src\share\vm\prims\methodHandles.cpp, line 1167]
Event: 2.395 Thread 0x0000000002894000 Exception <a 'java/lang/NoSuchFieldError': method resolution failed> (0x0000000781bcf820) thrown at [C:\re\workspace\8-2-build-windows-amd64-cygwin\jdk8u161\10277\hotspot\src\share\vm\prims\methodHandles.cpp, line 1167]

Events (10 events):
Event: 113.638 Executing VM operation: ParallelGCFailedAllocation done
Event: 113.638 Executing VM operation: ParallelGCFailedAllocation
Event: 114.841 Executing VM operation: ParallelGCFailedAllocation done
Event: 114.841 Executing VM operation: ParallelGCFailedAllocation
Event: 115.997 Executing VM operation: ParallelGCFailedAllocation done
Event: 115.997 Executing VM operation: ParallelGCFailedAllocation
Event: 117.231 Executing VM operation: ParallelGCFailedAllocation done
Event: 117.231 Executing VM operation: ParallelGCFailedAllocation
Event: 118.449 Executing VM operation: ParallelGCFailedAllocation done
Event: 118.449 Executing VM operation: ParallelGCFailedAllocation


Dynamic libraries:
0x00007ff6cf6b0000 - 0x00007ff6cf6e7000 	C:\Program Files\Java\jdk1.8.0_161\bin\java.exe
0x00007ffc29020000 - 0x00007ffc29210000 	C:\WINDOWS\SYSTEM32\ntdll.dll
0x00007ffc27c00000 - 0x00007ffc27cb2000 	C:\WINDOWS\System32\KERNEL32.DLL
0x00007ffc26860000 - 0x00007ffc26b03000 	C:\WINDOWS\System32\KERNELBASE.dll
0x00007ffc28ae0000 - 0x00007ffc28b83000 	C:\WINDOWS\System32\ADVAPI32.dll
0x00007ffc28ea0000 - 0x00007ffc28f3e000 	C:\WINDOWS\System32\msvcrt.dll
0x00007ffc28f40000 - 0x00007ffc28fd7000 	C:\WINDOWS\System32\sechost.dll
0x00007ffc27320000 - 0x00007ffc27440000 	C:\WINDOWS\System32\RPCRT4.dll
0x00007ffc274f0000 - 0x00007ffc27684000 	C:\WINDOWS\System32\USER32.dll
0x00007ffc26830000 - 0x00007ffc26851000 	C:\WINDOWS\System32\win32u.dll
0x00007ffc27140000 - 0x00007ffc27166000 	C:\WINDOWS\System32\GDI32.dll
0x00007ffc26c60000 - 0x00007ffc26df4000 	C:\WINDOWS\System32\gdi32full.dll
0x00007ffc26730000 - 0x00007ffc267ce000 	C:\WINDOWS\System32\msvcp_win.dll
0x00007ffc26b60000 - 0x00007ffc26c5a000 	C:\WINDOWS\System32\ucrtbase.dll
0x00007ffc19760000 - 0x00007ffc199e5000 	C:\WINDOWS\WinSxS\amd64_microsoft.windows.common-controls_6595b64144ccf1df_6.0.18362.592_none_e6c0b1911312be02\COMCTL32.dll
0x00007ffc27690000 - 0x00007ffc279c6000 	C:\WINDOWS\System32\combase.dll
0x00007ffc27020000 - 0x00007ffc270a0000 	C:\WINDOWS\System32\bcryptPrimitives.dll
0x00007ffc27240000 - 0x00007ffc2726e000 	C:\WINDOWS\System32\IMM32.DLL
0x00007ffc25000000 - 0x00007ffc25031000 	C:\WINDOWS\SYSTEM32\ntmarta.dll
0x00007ffc25e10000 - 0x00007ffc25e3f000 	C:\WINDOWS\SYSTEM32\SspiCli.dll
0x000000006ccb0000 - 0x000000006cd82000 	C:\Program Files\Java\jdk1.8.0_161\jre\bin\msvcr100.dll
0x000000006ba50000 - 0x000000006c2ef000 	C:\Program Files\Java\jdk1.8.0_161\jre\bin\server\jvm.dll
0x00007ffc27b90000 - 0x00007ffc27b98000 	C:\WINDOWS\System32\PSAPI.DLL
0x00007ffc229f0000 - 0x00007ffc229f9000 	C:\WINDOWS\SYSTEM32\WSOCK32.dll
0x00007ffc28a70000 - 0x00007ffc28adf000 	C:\WINDOWS\System32\WS2_32.dll
0x00007ffc23ca0000 - 0x00007ffc23cc4000 	C:\WINDOWS\SYSTEM32\WINMM.dll
0x00007ffc211f0000 - 0x00007ffc211fa000 	C:\WINDOWS\SYSTEM32\VERSION.dll
0x00007ffc23c40000 - 0x00007ffc23c6d000 	C:\WINDOWS\SYSTEM32\WINMMBASE.dll
0x00007ffc26b10000 - 0x00007ffc26b5a000 	C:\WINDOWS\System32\cfgmgr32.dll
0x000000006cca0000 - 0x000000006ccaf000 	C:\Program Files\Java\jdk1.8.0_161\jre\bin\verify.dll
0x000000006cc70000 - 0x000000006cc99000 	C:\Program Files\Java\jdk1.8.0_161\jre\bin\java.dll
0x000000006cbd0000 - 0x000000006cbf3000 	C:\Program Files\Java\jdk1.8.0_161\jre\bin\instrument.dll
0x000000006cc50000 - 0x000000006cc66000 	C:\Program Files\Java\jdk1.8.0_161\jre\bin\zip.dll
0x00007ffc28140000 - 0x00007ffc28825000 	C:\WINDOWS\System32\SHELL32.dll
0x00007ffc27440000 - 0x00007ffc274e9000 	C:\WINDOWS\System32\shcore.dll
0x00007ffc25fb0000 - 0x00007ffc2672f000 	C:\WINDOWS\System32\windows.storage.dll
0x00007ffc25f00000 - 0x00007ffc25f1f000 	C:\WINDOWS\System32\profapi.dll
0x00007ffc25f60000 - 0x00007ffc25faa000 	C:\WINDOWS\System32\powrprof.dll
0x00007ffc25ef0000 - 0x00007ffc25f00000 	C:\WINDOWS\System32\UMPDC.dll
0x00007ffc270d0000 - 0x00007ffc27122000 	C:\WINDOWS\System32\shlwapi.dll
0x00007ffc25f20000 - 0x00007ffc25f31000 	C:\WINDOWS\System32\kernel.appcore.dll
0x00007ffc27000000 - 0x00007ffc27017000 	C:\WINDOWS\System32\cryptsp.dll
0x00007ffc238b0000 - 0x00007ffc238ca000 	C:\Program Files\JetBrains\IntelliJ IDEA Community Edition 2019.2.3\bin\breakgen64.dll
0x000000006cc30000 - 0x000000006cc4a000 	C:\Program Files\Java\jdk1.8.0_161\jre\bin\net.dll
0x00007ffc25700000 - 0x00007ffc25767000 	C:\WINDOWS\system32\mswsock.dll
0x000000006ca30000 - 0x000000006cbc8000 	C:\Program Files\Java\jdk1.8.0_161\jre\bin\awt.dll
0x00007ffc27170000 - 0x00007ffc27234000 	C:\WINDOWS\System32\OLEAUT32.dll
0x00007ffc23da0000 - 0x00007ffc23e2f000 	C:\WINDOWS\SYSTEM32\apphelp.dll
0x00007ffc0f070000 - 0x00007ffc0f264000 	C:\WINDOWS\SYSTEM32\dbghelp.dll

VM Arguments:
jvm_args: -javaagent:C:\Program Files\JetBrains\IntelliJ IDEA Community Edition 2019.2.3\lib\idea_rt.jar=30343:C:\Program Files\JetBrains\IntelliJ IDEA Community Edition 2019.2.3\bin -Dfile.encoding=UTF-8 
java_command: com.resnik.util.math.fractals.Mandelbrot
java_class_path (initial): C:\Program Files\Java\jdk1.8.0_161\jre\lib\charsets.jar;C:\Program Files\Java\jdk1.8.0_161\jre\lib\deploy.jar;C:\Program Files\Java\jdk1.8.0_161\jre\lib\ext\access-bridge-64.jar;C:\Program Files\Java\jdk1.8.0_161\jre\lib\ext\cldrdata.jar;C:\Program Files\Java\jdk1.8.0_161\jre\lib\ext\dnsns.jar;C:\Program Files\Java\jdk1.8.0_161\jre\lib\ext\jaccess.jar;C:\Program Files\Java\jdk1.8.0_161\jre\lib\ext\jfxrt.jar;C:\Program Files\Java\jdk1.8.0_161\jre\lib\ext\localedata.jar;C:\Program Files\Java\jdk1.8.0_161\jre\lib\ext\nashorn.jar;C:\Program Files\Java\jdk1.8.0_161\jre\lib\ext\sunec.jar;C:\Program Files\Java\jdk1.8.0_161\jre\lib\ext\sunjce_provider.jar;C:\Program Files\Java\jdk1.8.0_161\jre\lib\ext\sunmscapi.jar;C:\Program Files\Java\jdk1.8.0_161\jre\lib\ext\sunpkcs11.jar;C:\Program Files\Java\jdk1.8.0_161\jre\lib\ext\zipfs.jar;C:\Program Files\Java\jdk1.8.0_161\jre\lib\javaws.jar;C:\Program Files\Java\jdk1.8.0_161\jre\lib\jce.jar;C:\Program Files\Java\jdk1.8.0_161\jre\lib\jfr.jar;C:\Program Files\Java\jdk1.8.0_161\jre\lib\jfxswt.jar;C:\Program Files\Java\jdk1.8.0_161\jre\lib\jsse.jar;C:\Program Files\Java\jdk1.8.0_161\jre\lib\management-agent.jar;C:\Program Files\Java\jdk1.8.0_161\jre\lib\plugin.jar;C:\Program Files\Java\jdk1.8.0_161\jre\lib\resources.jar;C:\Program Files\Java\jdk1.8.0_161\jre\lib\rt.jar;D:\Projects\Github_Projects\mtresnik\utilities\src\out\production\utilities;D:\Projects\Github_Projects\mtresnik\utilities\src\lib\fxyz.jar;D:\Projects\Github_Projects\mtresnik\utilities\src\lib\hamcrest-core-1.3.jar;D:\Projects\Github_Projects\mtresnik\utilities\src\lib\junit-4.12.jar;D:\Projects\Github_Projects\mtresnik\utilities\src\lib\kotlin-reflect.jar;D:\Projects\Github_Projects\mtresnik\utilities\src\lib\kotlin-stdlib-jdk7.jar;D:\Projects\Github_Projects\mtresnik\utilities\src\lib\kotlin-stdlib-jdk8.jar;D:\Projects\Github_Projects\mtresnik\utilities\src\lib\kotlin-stdlib.jar;D:\Projects\Github_Projects\mtresnik\utilities\src\lib\kotl
Launcher Type: SUN_STANDARD

Environment Variables:
JAVA_HOME=C:\Program Files\Java\jdk1.8.0_161
PATH=C:\Program Files (x86)\Common Files\Oracle\Java\javapath;C:\ProgramData\Oracle\Java\javapath;C:\Windows\system32;C:\Windows;C:\Windows\System32\Wbem;C:\Windows\System32\WindowsPowerShell\v1.0\;C:\Program Files (x86)\NVIDIA Corporation\PhysX\Common;C:\Program Files\Git\cmd;D:\Eth;D:\ProgramFiles\AOMEI Backupper;C:\WINDOWS\system32;C:\WINDOWS;C:\WINDOWS\System32\Wbem;C:\WINDOWS\System32\WindowsPowerShell\v1.0\;C:\WINDOWS\System32\OpenSSH\;C:\Program Files\Apache\maven\bin;C:\Users\Mike\.dnx\bin;C:\Program Files\Microsoft DNX\Dnvm\;C:\Program Files (x86)\Windows Kits\8.1\Windows Performance Toolkit\;C:\Program Files\Microsoft SQL Server\120\Tools\Binn\;C:\Program Files\Microsoft SQL Server\130\Tools\Binn\;C:\Users\Mike\AppData\Local\Programs\Python\Python37-32;C:\Program Files\NVIDIA Corporation\NVIDIA NvDLISR;C:\Users\Mike\AppData\Local\Programs\Python\Python37-32\Scripts;C:\Program Files\Java\jdk1.8.0_161\bin;C:\PostgreSQL\pg11\bin;C:\Program Files\Microsoft SQL Server\Client SDK\ODBC\130\Tools\Binn\;C:\Program Files (x86)\Microsoft SQL Server\140\Tools\Binn\;C:\Program Files\Microsoft SQL Server\140\Tools\Binn\;C:\Program Files\Microsoft SQL Server\140\DTS\Binn\;C:\mingw64\bin;D:\Projects\command_line;;%SystemRoot%\system32;%SystemRoot%;%SystemRoot%\System32\Wbem;%SYSTEMROOT%\System32\WindowsPowerShell\v1.0\;%SYSTEMROOT%\System32\OpenSSH\;C:\Users\Mike\AppData\Local\Microsoft\WindowsApps;C:\Users\Mike\AppData\Local\atom\bin;C:\Users\Mike\AppData\Local\Microsoft\WindowsApps;C:\Users\Mike\AppData\Local\Programs\MiKTeX 2.9\miktex\bin\x64\;;C:\Program Files\JetBrains\PyCharm Community Edition 2018.3.5\bin;
USERNAME=Mike
OS=Windows_NT
PROCESSOR_IDENTIFIER=Intel64 Family 6 Model 158 Stepping 10, GenuineIntel



---------------  S Y S T E M  ---------------

OS: Windows 10.0 , 64 bit Build 18362 (10.0.18362.329)

CPU:total 12 (initial active 12) (6 cores per cpu, 2 threads per core) family 6 model 158 stepping 10, cmov, cx8, fxsr, mmx, sse, sse2, sse3, ssse3, sse4.1, sse4.2, popcnt, avx, avx2, aes, clmul, erms, rtm, 3dnowpref, lzcnt, ht, tsc, tscinvbit, bmi1, bmi2, adx

Memory: 4k page, physical 16711252k(7418664k free), swap 20381268k(6764408k free)

vm_info: Java HotSpot(TM) 64-Bit Server VM (25.161-b12) for windows-amd64 JRE (1.8.0_161-b12), built on Dec 19 2017 17:52:25 by "java_re" with MS VC++ 10.0 (VS2010)

time: Fri Jan 31 10:13:41 2020
elapsed time: 119 seconds (0d 0h 1m 59s)

