#
# A fatal error has been detected by the Java Runtime Environment:
#
#  EXCEPTION_ACCESS_VIOLATION (0xc0000005) at pc=0x000000006be04ac6, pid=8784, tid=0x0000000000001828
#
# JRE version: Java(TM) SE Runtime Environment (8.0_161-b12) (build 1.8.0_161-b12)
# Java VM: Java HotSpot(TM) 64-Bit Server VM (25.161-b12 mixed mode windows-amd64 compressed oops)
# Problematic frame:
# V  [jvm.dll+0x3b4ac6]
#
# Failed to write core dump. Minidumps are not enabled by default on client versions of Windows
#
# If you would like to submit a bug report, please visit:
#   http://bugreport.java.com/bugreport/crash.jsp
#

---------------  T H R E A D  ---------------

Current thread (0x0000000002dec800):  GCTaskThread [stack: 0x00000000131e0000,0x00000000132e0000] [id=6184]

siginfo: ExceptionCode=0xc0000005, ExceptionInformation=0x0000000000000008 0x0000000000004ac6

Registers:
RAX=0x0000000000018491, RBX=0x0000000000000003, RCX=0x000000000000011f, RDX=0x000000001ca850e0
RSP=0x00000000132df9e0, RBP=0x00000000132dfac0, RSI=0x0000000000000002, RDI=0x0000000002ec7b50
R8 =0x0000000000000121, R9 =0x000000007d0adab6, R10=0x0000000000000000, R11=0x00000000132dfa50
R12=0x0000000000000002, R13=0x00000000132dfad8, R14=0x0000000000000000, R15=0x0000000002decf80
RIP=0x000000006be04ac6, EFLAGS=0x0000000000010202

Top of Stack: (sp=0x00000000132df9e0)
0x00000000132df9e0:   000000006c0a5c28 00030b1100000b8b
0x00000000132df9f0:   0007db7900014d00 0007db7a00014d00
0x00000000132dfa00:   0009ce7900018491 0009ce790001848f
0x00000000132dfa10:   0000000700000000 0009ce7900018490
0x00000000132dfa20:   0009b71000015bce 0009ce790001848f
0x00000000132dfa30:   00000006c83b8678 0000000002de29c0
0x00000000132dfa40:   0000000002decf80 0000000002decf70
0x00000000132dfa50:   0000000002decf70 0000000002de29c0
0x00000000132dfa60:   000000006c0a5c28 0000000000000002
0x00000000132dfa70:   0000000021459740 000000006be46327
0x00000000132dfa80:   0009ce7900018490 000000001ca64fb0
0x00000000132dfa90:   0000000000000000 00030b1100000b8b
0x00000000132dfaa0:   0000000000000000 0000000000000000
0x00000000132dfab0:   0000000021459740 000000006be4380e
0x00000000132dfac0:   000000007d0adab6 0000000002dec800
0x00000000132dfad0:   0000000000000000 0000000752913fb0 

Instructions: (pc=0x000000006be04ac6)
0x000000006be04aa6:   44 24 20 2b c8 81 e1 ff ff 01 00 81 f9 ff ff 01
0x000000006be04ab6:   00 41 0f 44 ce 85 c9 75 07 32 c0 e9 e3 00 00 00
0x000000006be04ac6:   8b 4c 24 20 48 8b 42 30 48 8b 0c c8 48 8b 5c 24
0x000000006be04ad6:   20 8d 43 01 48 89 9c 24 a0 00 00 00 49 89 4d 00 


Register to memory mapping:

RAX=0x0000000000018491 is an unknown value
RBX=0x0000000000000003 is an unknown value
RCX=0x000000000000011f is an unknown value
RDX=0x000000001ca850e0 is an unknown value
RSP=0x00000000132df9e0 is an unknown value
RBP=0x00000000132dfac0 is an unknown value
RSI=0x0000000000000002 is an unknown value
RDI=0x0000000002ec7b50 is an unknown value
R8 =0x0000000000000121 is an unknown value
R9 =0x000000007d0adab6 is an unknown value
R10=0x0000000000000000 is an unknown value
R11=0x00000000132dfa50 is an unknown value
R12=0x0000000000000002 is an unknown value
R13=0x00000000132dfad8 is an unknown value
R14=0x0000000000000000 is an unknown value
R15=0x0000000002decf80 is an unknown value


Stack: [0x00000000131e0000,0x00000000132e0000],  sp=0x00000000132df9e0,  free space=1022k
Native frames: (J=compiled Java code, j=interpreted, Vv=VM code, C=native code)
V  [jvm.dll+0x3b4ac6]
V  [jvm.dll+0x3f6327]
V  [jvm.dll+0x3f380e]
V  [jvm.dll+0x29cc4a]
C  [msvcr100.dll+0x21d9f]
C  [msvcr100.dll+0x21e3b]
C  [KERNEL32.DLL+0x17bd4]
C  [ntdll.dll+0x6ced1]


---------------  P R O C E S S  ---------------

Java Threads: ( => current thread )
  0x000000001e3ea000 JavaThread "Service Thread" daemon [_thread_blocked, id=14984, stack(0x000000001fda0000,0x000000001fea0000)]
  0x000000001e366800 JavaThread "C1 CompilerThread3" daemon [_thread_blocked, id=13156, stack(0x000000001fca0000,0x000000001fda0000)]
  0x000000001e35d000 JavaThread "C2 CompilerThread2" daemon [_thread_blocked, id=21372, stack(0x000000001fba0000,0x000000001fca0000)]
  0x000000001e35c800 JavaThread "C2 CompilerThread1" daemon [_thread_blocked, id=17340, stack(0x000000001faa0000,0x000000001fba0000)]
  0x000000001e352800 JavaThread "C2 CompilerThread0" daemon [_thread_blocked, id=1188, stack(0x000000001f9a0000,0x000000001faa0000)]
  0x000000001cb5e000 JavaThread "Monitor Ctrl-Break" daemon [_thread_in_native, id=20612, stack(0x000000001f8a0000,0x000000001f9a0000)]
  0x000000001e235800 JavaThread "Attach Listener" daemon [_thread_blocked, id=5720, stack(0x000000001f7a0000,0x000000001f8a0000)]
  0x000000001e234800 JavaThread "Signal Dispatcher" daemon [_thread_blocked, id=8976, stack(0x000000001f6a0000,0x000000001f7a0000)]
  0x000000001e223000 JavaThread "Finalizer" daemon [_thread_blocked, id=20532, stack(0x000000001f4a0000,0x000000001f5a0000)]
  0x000000001cb4c800 JavaThread "Reference Handler" daemon [_thread_blocked, id=15300, stack(0x000000001f3a0000,0x000000001f4a0000)]
  0x0000000002dd4000 JavaThread "main" [_thread_blocked, id=14084, stack(0x0000000002a70000,0x0000000002b70000)]

Other Threads:
  0x000000001cb47000 VMThread [stack: 0x000000001f2a0000,0x000000001f3a0000] [id=17740]
  0x000000001e3aa000 WatcherThread [stack: 0x000000001fea0000,0x000000001ffa0000] [id=18008]

=>0x0000000002dec800 (exited) GCTaskThread [stack: 0x00000000131e0000,0x00000000132e0000] [id=6184]

VM state:at safepoint (normal execution)

VM Mutex/Monitor currently owned by a thread:  ([mutex/lock_event])
[0x0000000002dd1950] Threads_lock - owner thread: 0x000000001cb47000
[0x0000000002dd0dd0] Heap_lock - owner thread: 0x0000000002dd4000

Heap:
 PSYoungGen      total 1019904K, used 665088K [0x000000076b000000, 0x00000007bfd00000, 0x00000007c0000000)
  eden space 665088K, 100% used [0x000000076b000000,0x0000000793980000,0x0000000793980000)
  from space 354816K, 0% used [0x00000007a9480000,0x00000007a9480000,0x00000007bef00000)
  to   space 355328K, 0% used [0x0000000793980000,0x0000000793980000,0x00000007a9480000)
 ParOldGen       total 2785280K, used 2785255K [0x00000006c1000000, 0x000000076b000000, 0x000000076b000000)
  object space 2785280K, 99% used [0x00000006c1000000,0x000000076aff9c90,0x000000076b000000)
 Metaspace       used 5238K, capacity 5412K, committed 5504K, reserved 1056768K
  class space    used 572K, capacity 632K, committed 640K, reserved 1048576K

Card table byte_map: [0x0000000012290000,0x0000000012a90000] byte_map_base: 0x000000000ec88000

Marking Bits: (ParMarkBitMap*) 0x000000006c26f860
 Begin Bits: [0x00000000139e0000, 0x00000000179a0000)
 End Bits:   [0x00000000179a0000, 0x000000001b960000)

Polling page: 0x0000000000bf0000

CodeCache: size=245760Kb used=2155Kb max_used=2197Kb free=243604Kb
 bounds [0x0000000002ed0000, 0x0000000003140000, 0x0000000011ed0000]
 total_blobs=698 nmethods=399 adapters=212
 compilation: enabled

Compilation events (10 events):
Event: 3.298 Thread 0x000000001e35c800 nmethod 395 0x00000000030ca250 code [0x00000000030ca3a0, 0x00000000030ca728]
Event: 3.509 Thread 0x000000001e35d000 nmethod 390% 0x00000000030de210 code [0x00000000030de7e0, 0x00000000030e9d28]
Event: 3.509 Thread 0x000000001e352800  396       4       com.resnik.util.math.fractals.CircleApproximation::gradientB (8 bytes)
Event: 3.511 Thread 0x000000001e352800 nmethod 396 0x00000000030d9e90 code [0x00000000030da020, 0x00000000030da608]
Event: 5.737 Thread 0x000000001e35c800  397       4       java.nio.Buffer::limit (62 bytes)
Event: 5.737 Thread 0x000000001e35c800 nmethod 397 0x00000000030db250 code [0x00000000030db3a0, 0x00000000030db478]
Event: 8.409 Thread 0x000000001e35d000  398       4       java.nio.Buffer::<init> (121 bytes)
Event: 8.409 Thread 0x000000001e35d000 nmethod 398 0x00000000030c9d50 code [0x00000000030c9ea0, 0x00000000030ca058]
Event: 10.467 Thread 0x000000001e352800  399       4       java.io.FileOutputStream::write (12 bytes)
Event: 10.468 Thread 0x000000001e352800 nmethod 399 0x00000000030bd6d0 code [0x00000000030bd820, 0x00000000030bd8a8]

GC Heap History (10 events):
Event: 69.827 GC heap after
Heap after GC invocations=184 (full 28):
 PSYoungGen      total 1019904K, used 527074K [0x000000076b000000, 0x00000007bfd00000, 0x00000007c0000000)
  eden space 665088K, 79% used [0x000000076b000000,0x000000078b2b8b50,0x0000000793980000)
  from space 354816K, 0% used [0x00000007a9480000,0x00000007a9480000,0x00000007bef00000)
  to   space 355328K, 0% used [0x0000000793980000,0x0000000793980000,0x00000007a9480000)
 ParOldGen       total 2785280K, used 2785255K [0x00000006c1000000, 0x000000076b000000, 0x000000076b000000)
  object space 2785280K, 99% used [0x00000006c1000000,0x000000076aff9c90,0x000000076b000000)
 Metaspace       used 5238K, capacity 5412K, committed 5504K, reserved 1056768K
  class space    used 572K, capacity 632K, committed 640K, reserved 1048576K
}
Event: 69.864 GC heap before
{Heap before GC invocations=185 (full 29):
 PSYoungGen      total 1019904K, used 665088K [0x000000076b000000, 0x00000007bfd00000, 0x00000007c0000000)
  eden space 665088K, 100% used [0x000000076b000000,0x0000000793980000,0x0000000793980000)
  from space 354816K, 0% used [0x00000007a9480000,0x00000007a9480000,0x00000007bef00000)
  to   space 355328K, 0% used [0x0000000793980000,0x0000000793980000,0x00000007a9480000)
 ParOldGen       total 2785280K, used 2785255K [0x00000006c1000000, 0x000000076b000000, 0x000000076b000000)
  object space 2785280K, 99% used [0x00000006c1000000,0x000000076aff9c90,0x000000076b000000)
 Metaspace       used 5238K, capacity 5412K, committed 5504K, reserved 1056768K
  class space    used 572K, capacity 632K, committed 640K, reserved 1048576K
Event: 71.237 GC heap after
Heap after GC invocations=185 (full 29):
 PSYoungGen      total 1019904K, used 537132K [0x000000076b000000, 0x00000007bfd00000, 0x00000007c0000000)
  eden space 665088K, 80% used [0x000000076b000000,0x000000078bc8b1e0,0x0000000793980000)
  from space 354816K, 0% used [0x00000007a9480000,0x00000007a9480000,0x00000007bef00000)
  to   space 355328K, 0% used [0x0000000793980000,0x0000000793980000,0x00000007a9480000)
 ParOldGen       total 2785280K, used 2785255K [0x00000006c1000000, 0x000000076b000000, 0x000000076b000000)
  object space 2785280K, 99% used [0x00000006c1000000,0x000000076aff9c90,0x000000076b000000)
 Metaspace       used 5238K, capacity 5412K, committed 5504K, reserved 1056768K
  class space    used 572K, capacity 632K, committed 640K, reserved 1048576K
}
Event: 71.271 GC heap before
{Heap before GC invocations=186 (full 30):
 PSYoungGen      total 1019904K, used 665088K [0x000000076b000000, 0x00000007bfd00000, 0x00000007c0000000)
  eden space 665088K, 100% used [0x000000076b000000,0x0000000793980000,0x0000000793980000)
  from space 354816K, 0% used [0x00000007a9480000,0x00000007a9480000,0x00000007bef00000)
  to   space 355328K, 0% used [0x0000000793980000,0x0000000793980000,0x00000007a9480000)
 ParOldGen       total 2785280K, used 2785255K [0x00000006c1000000, 0x000000076b000000, 0x000000076b000000)
  object space 2785280K, 99% used [0x00000006c1000000,0x000000076aff9c90,0x000000076b000000)
 Metaspace       used 5238K, capacity 5412K, committed 5504K, reserved 1056768K
  class space    used 572K, capacity 632K, committed 640K, reserved 1048576K
Event: 72.714 GC heap after
Heap after GC invocations=186 (full 30):
 PSYoungGen      total 1019904K, used 546465K [0x000000076b000000, 0x00000007bfd00000, 0x00000007c0000000)
  eden space 665088K, 82% used [0x000000076b000000,0x000000078c5a8490,0x0000000793980000)
  from space 354816K, 0% used [0x00000007a9480000,0x00000007a9480000,0x00000007bef00000)
  to   space 355328K, 0% used [0x0000000793980000,0x0000000793980000,0x00000007a9480000)
 ParOldGen       total 2785280K, used 2785255K [0x00000006c1000000, 0x000000076b000000, 0x000000076b000000)
  object space 2785280K, 99% used [0x00000006c1000000,0x000000076aff9c90,0x000000076b000000)
 Metaspace       used 5238K, capacity 5412K, committed 5504K, reserved 1056768K
  class space    used 572K, capacity 632K, committed 640K, reserved 1048576K
}
Event: 72.746 GC heap before
{Heap before GC invocations=187 (full 31):
 PSYoungGen      total 1019904K, used 665088K [0x000000076b000000, 0x00000007bfd00000, 0x00000007c0000000)
  eden space 665088K, 100% used [0x000000076b000000,0x0000000793980000,0x0000000793980000)
  from space 354816K, 0% used [0x00000007a9480000,0x00000007a9480000,0x00000007bef00000)
  to   space 355328K, 0% used [0x0000000793980000,0x0000000793980000,0x00000007a9480000)
 ParOldGen       total 2785280K, used 2785255K [0x00000006c1000000, 0x000000076b000000, 0x000000076b000000)
  object space 2785280K, 99% used [0x00000006c1000000,0x000000076aff9c90,0x000000076b000000)
 Metaspace       used 5238K, capacity 5412K, committed 5504K, reserved 1056768K
  class space    used 572K, capacity 632K, committed 640K, reserved 1048576K
Event: 74.186 GC heap after
Heap after GC invocations=187 (full 31):
 PSYoungGen      total 1019904K, used 555115K [0x000000076b000000, 0x00000007bfd00000, 0x00000007c0000000)
  eden space 665088K, 83% used [0x000000076b000000,0x000000078ce1af50,0x0000000793980000)
  from space 354816K, 0% used [0x00000007a9480000,0x00000007a9480000,0x00000007bef00000)
  to   space 355328K, 0% used [0x0000000793980000,0x0000000793980000,0x00000007a9480000)
 ParOldGen       total 2785280K, used 2785255K [0x00000006c1000000, 0x000000076b000000, 0x000000076b000000)
  object space 2785280K, 99% used [0x00000006c1000000,0x000000076aff9c90,0x000000076b000000)
 Metaspace       used 5238K, capacity 5412K, committed 5504K, reserved 1056768K
  class space    used 572K, capacity 632K, committed 640K, reserved 1048576K
}
Event: 74.216 GC heap before
{Heap before GC invocations=188 (full 32):
 PSYoungGen      total 1019904K, used 665088K [0x000000076b000000, 0x00000007bfd00000, 0x00000007c0000000)
  eden space 665088K, 100% used [0x000000076b000000,0x0000000793980000,0x0000000793980000)
  from space 354816K, 0% used [0x00000007a9480000,0x00000007a9480000,0x00000007bef00000)
  to   space 355328K, 0% used [0x0000000793980000,0x0000000793980000,0x00000007a9480000)
 ParOldGen       total 2785280K, used 2785255K [0x00000006c1000000, 0x000000076b000000, 0x000000076b000000)
  object space 2785280K, 99% used [0x00000006c1000000,0x000000076aff9c90,0x000000076b000000)
 Metaspace       used 5238K, capacity 5412K, committed 5504K, reserved 1056768K
  class space    used 572K, capacity 632K, committed 640K, reserved 1048576K
Event: 75.565 GC heap after
Heap after GC invocations=188 (full 32):
 PSYoungGen      total 1019904K, used 563142K [0x000000076b000000, 0x00000007bfd00000, 0x00000007c0000000)
  eden space 665088K, 84% used [0x000000076b000000,0x000000078d5f18f0,0x0000000793980000)
  from space 354816K, 0% used [0x00000007a9480000,0x00000007a9480000,0x00000007bef00000)
  to   space 355328K, 0% used [0x0000000793980000,0x0000000793980000,0x00000007a9480000)
 ParOldGen       total 2785280K, used 2785255K [0x00000006c1000000, 0x000000076b000000, 0x000000076b000000)
  object space 2785280K, 99% used [0x00000006c1000000,0x000000076aff9c90,0x000000076b000000)
 Metaspace       used 5238K, capacity 5412K, committed 5504K, reserved 1056768K
  class space    used 572K, capacity 632K, committed 640K, reserved 1048576K
}
Event: 75.592 GC heap before
{Heap before GC invocations=189 (full 33):
 PSYoungGen      total 1019904K, used 665088K [0x000000076b000000, 0x00000007bfd00000, 0x00000007c0000000)
  eden space 665088K, 100% used [0x000000076b000000,0x0000000793980000,0x0000000793980000)
  from space 354816K, 0% used [0x00000007a9480000,0x00000007a9480000,0x00000007bef00000)
  to   space 355328K, 0% used [0x0000000793980000,0x0000000793980000,0x00000007a9480000)
 ParOldGen       total 2785280K, used 2785255K [0x00000006c1000000, 0x000000076b000000, 0x000000076b000000)
  object space 2785280K, 99% used [0x00000006c1000000,0x000000076aff9c90,0x000000076b000000)
 Metaspace       used 5238K, capacity 5412K, committed 5504K, reserved 1056768K
  class space    used 572K, capacity 632K, committed 640K, reserved 1048576K

Deoptimization events (5 events):
Event: 2.788 Thread 0x0000000002dd4000 Uncommon trap: reason=unstable_if action=reinterpret pc=0x000000000301edf4 method=com.resnik.util.math.fractals.Mandelbrot.convergenceLinear(Lcom/resnik/util/math/symbo/ComplexNumber;)I @ 21
Event: 2.788 Thread 0x0000000002dd4000 Uncommon trap: reason=unstable_if action=reinterpret pc=0x0000000003020f48 method=com.resnik.util.math.fractals.CircleApproximation.gradient(D)Ljava/lang/String; @ 19
Event: 2.788 Thread 0x0000000002dd4000 Uncommon trap: reason=unstable_if action=reinterpret pc=0x0000000003010b20 method=com.resnik.util.math.fractals.CircleApproximation.intToHex(I)Ljava/lang/String; @ 10
Event: 2.819 Thread 0x0000000002dd4000 Uncommon trap: reason=unstable_if action=reinterpret pc=0x0000000003014574 method=com.resnik.util.math.fractals.CircleApproximation.gradient(D)Ljava/lang/String; @ 19
Event: 2.822 Thread 0x0000000002dd4000 Uncommon trap: reason=unstable_if action=reinterpret pc=0x00000000030126c4 method=com.resnik.util.math.fractals.Mandelbrot.convergenceLinear(Lcom/resnik/util/math/symbo/ComplexNumber;)I @ 21

Classes redefined (0 events):
No events

Internal exceptions (9 events):
Event: 0.025 Thread 0x0000000002dd4000 Exception <a 'java/lang/NoSuchMethodError': Method sun.misc.Unsafe.defineClass(Ljava/lang/String;[BII)Ljava/lang/Class; name or signature does not match> (0x000000076b007ca0) thrown at [C:\re\workspace\8-2-build-windows-amd64-cygwin\jdk8u161\10277\hotspot
Event: 0.025 Thread 0x0000000002dd4000 Exception <a 'java/lang/NoSuchMethodError': Method sun.misc.Unsafe.prefetchRead(Ljava/lang/Object;J)V name or signature does not match> (0x000000076b007f88) thrown at [C:\re\workspace\8-2-build-windows-amd64-cygwin\jdk8u161\10277\hotspot\src\share\vm\prim
Event: 0.424 Thread 0x0000000002dd4000 Exception <a 'java/security/PrivilegedActionException'> (0x000000077601bc68) thrown at [C:\re\workspace\8-2-build-windows-amd64-cygwin\jdk8u161\10277\hotspot\src\share\vm\prims\jvm.cpp, line 1390]
Event: 0.424 Thread 0x0000000002dd4000 Exception <a 'java/security/PrivilegedActionException'> (0x000000077601be78) thrown at [C:\re\workspace\8-2-build-windows-amd64-cygwin\jdk8u161\10277\hotspot\src\share\vm\prims\jvm.cpp, line 1390]
Event: 0.424 Thread 0x0000000002dd4000 Exception <a 'java/security/PrivilegedActionException'> (0x000000077601ff70) thrown at [C:\re\workspace\8-2-build-windows-amd64-cygwin\jdk8u161\10277\hotspot\src\share\vm\prims\jvm.cpp, line 1390]
Event: 0.424 Thread 0x0000000002dd4000 Exception <a 'java/security/PrivilegedActionException'> (0x0000000776020180) thrown at [C:\re\workspace\8-2-build-windows-amd64-cygwin\jdk8u161\10277\hotspot\src\share\vm\prims\jvm.cpp, line 1390]
Event: 2.794 Thread 0x0000000002dd4000 Exception <a 'java/io/FileNotFoundException'> (0x00000007768220f8) thrown at [C:\re\workspace\8-2-build-windows-amd64-cygwin\jdk8u161\10277\hotspot\src\share\vm\prims\jni.cpp, line 709]
Event: 2.810 Thread 0x0000000002dd4000 Exception <a 'java/lang/NoSuchFieldError': method resolution failed> (0x00000007769519c0) thrown at [C:\re\workspace\8-2-build-windows-amd64-cygwin\jdk8u161\10277\hotspot\src\share\vm\prims\methodHandles.cpp, line 1167]
Event: 2.811 Thread 0x0000000002dd4000 Exception <a 'java/lang/NoSuchFieldError': method resolution failed> (0x000000077695f808) thrown at [C:\re\workspace\8-2-build-windows-amd64-cygwin\jdk8u161\10277\hotspot\src\share\vm\prims\methodHandles.cpp, line 1167]

Events (10 events):
Event: 69.827 Executing VM operation: ParallelGCFailedAllocation done
Event: 69.864 Executing VM operation: ParallelGCFailedAllocation
Event: 71.237 Executing VM operation: ParallelGCFailedAllocation done
Event: 71.271 Executing VM operation: ParallelGCFailedAllocation
Event: 72.714 Executing VM operation: ParallelGCFailedAllocation done
Event: 72.746 Executing VM operation: ParallelGCFailedAllocation
Event: 74.186 Executing VM operation: ParallelGCFailedAllocation done
Event: 74.216 Executing VM operation: ParallelGCFailedAllocation
Event: 75.565 Executing VM operation: ParallelGCFailedAllocation done
Event: 75.592 Executing VM operation: ParallelGCFailedAllocation


Dynamic libraries:
0x00007ff6cf6b0000 - 0x00007ff6cf6e7000 	C:\Program Files\Java\jdk1.8.0_161\bin\java.exe
0x00007ffc29020000 - 0x00007ffc29210000 	C:\WINDOWS\SYSTEM32\ntdll.dll
0x00007ffc27c00000 - 0x00007ffc27cb2000 	C:\WINDOWS\System32\KERNEL32.DLL
0x00007ffc26860000 - 0x00007ffc26b03000 	C:\WINDOWS\System32\KERNELBASE.dll
0x00007ffc28ae0000 - 0x00007ffc28b83000 	C:\WINDOWS\System32\ADVAPI32.dll
0x00007ffc28ea0000 - 0x00007ffc28f3e000 	C:\WINDOWS\System32\msvcrt.dll
0x00007ffc28f40000 - 0x00007ffc28fd7000 	C:\WINDOWS\System32\sechost.dll
0x00007ffc27320000 - 0x00007ffc27440000 	C:\WINDOWS\System32\RPCRT4.dll
0x00007ffc274f0000 - 0x00007ffc27684000 	C:\WINDOWS\System32\USER32.dll
0x00007ffc26830000 - 0x00007ffc26851000 	C:\WINDOWS\System32\win32u.dll
0x00007ffc27140000 - 0x00007ffc27166000 	C:\WINDOWS\System32\GDI32.dll
0x00007ffc26c60000 - 0x00007ffc26df4000 	C:\WINDOWS\System32\gdi32full.dll
0x00007ffc26730000 - 0x00007ffc267ce000 	C:\WINDOWS\System32\msvcp_win.dll
0x00007ffc26b60000 - 0x00007ffc26c5a000 	C:\WINDOWS\System32\ucrtbase.dll
0x00007ffc19760000 - 0x00007ffc199e5000 	C:\WINDOWS\WinSxS\amd64_microsoft.windows.common-controls_6595b64144ccf1df_6.0.18362.592_none_e6c0b1911312be02\COMCTL32.dll
0x00007ffc27690000 - 0x00007ffc279c6000 	C:\WINDOWS\System32\combase.dll
0x00007ffc27020000 - 0x00007ffc270a0000 	C:\WINDOWS\System32\bcryptPrimitives.dll
0x00007ffc27240000 - 0x00007ffc2726e000 	C:\WINDOWS\System32\IMM32.DLL
0x00007ffc25000000 - 0x00007ffc25031000 	C:\WINDOWS\SYSTEM32\ntmarta.dll
0x00007ffc25e10000 - 0x00007ffc25e3f000 	C:\WINDOWS\SYSTEM32\SspiCli.dll
0x000000006ccb0000 - 0x000000006cd82000 	C:\Program Files\Java\jdk1.8.0_161\jre\bin\msvcr100.dll
0x000000006ba50000 - 0x000000006c2ef000 	C:\Program Files\Java\jdk1.8.0_161\jre\bin\server\jvm.dll
0x00007ffc27b90000 - 0x00007ffc27b98000 	C:\WINDOWS\System32\PSAPI.DLL
0x00007ffc229f0000 - 0x00007ffc229f9000 	C:\WINDOWS\SYSTEM32\WSOCK32.dll
0x00007ffc28a70000 - 0x00007ffc28adf000 	C:\WINDOWS\System32\WS2_32.dll
0x00007ffc23ca0000 - 0x00007ffc23cc4000 	C:\WINDOWS\SYSTEM32\WINMM.dll
0x00007ffc211f0000 - 0x00007ffc211fa000 	C:\WINDOWS\SYSTEM32\VERSION.dll
0x00007ffc23c40000 - 0x00007ffc23c6d000 	C:\WINDOWS\SYSTEM32\WINMMBASE.dll
0x00007ffc26b10000 - 0x00007ffc26b5a000 	C:\WINDOWS\System32\cfgmgr32.dll
0x000000006cca0000 - 0x000000006ccaf000 	C:\Program Files\Java\jdk1.8.0_161\jre\bin\verify.dll
0x000000006cc70000 - 0x000000006cc99000 	C:\Program Files\Java\jdk1.8.0_161\jre\bin\java.dll
0x000000006cbd0000 - 0x000000006cbf3000 	C:\Program Files\Java\jdk1.8.0_161\jre\bin\instrument.dll
0x000000006cc50000 - 0x000000006cc66000 	C:\Program Files\Java\jdk1.8.0_161\jre\bin\zip.dll
0x00007ffc28140000 - 0x00007ffc28825000 	C:\WINDOWS\System32\SHELL32.dll
0x00007ffc27440000 - 0x00007ffc274e9000 	C:\WINDOWS\System32\shcore.dll
0x00007ffc25fb0000 - 0x00007ffc2672f000 	C:\WINDOWS\System32\windows.storage.dll
0x00007ffc25f00000 - 0x00007ffc25f1f000 	C:\WINDOWS\System32\profapi.dll
0x00007ffc25f60000 - 0x00007ffc25faa000 	C:\WINDOWS\System32\powrprof.dll
0x00007ffc25ef0000 - 0x00007ffc25f00000 	C:\WINDOWS\System32\UMPDC.dll
0x00007ffc270d0000 - 0x00007ffc27122000 	C:\WINDOWS\System32\shlwapi.dll
0x00007ffc25f20000 - 0x00007ffc25f31000 	C:\WINDOWS\System32\kernel.appcore.dll
0x00007ffc27000000 - 0x00007ffc27017000 	C:\WINDOWS\System32\cryptsp.dll
0x00007ffc238b0000 - 0x00007ffc238ca000 	C:\Program Files\JetBrains\IntelliJ IDEA Community Edition 2019.2.3\bin\breakgen64.dll
0x000000006cc30000 - 0x000000006cc4a000 	C:\Program Files\Java\jdk1.8.0_161\jre\bin\net.dll
0x00007ffc25700000 - 0x00007ffc25767000 	C:\WINDOWS\system32\mswsock.dll
0x000000006ca30000 - 0x000000006cbc8000 	C:\Program Files\Java\jdk1.8.0_161\jre\bin\awt.dll
0x00007ffc27170000 - 0x00007ffc27234000 	C:\WINDOWS\System32\OLEAUT32.dll
0x00007ffc23da0000 - 0x00007ffc23e2f000 	C:\WINDOWS\SYSTEM32\apphelp.dll
0x00007ffc0f070000 - 0x00007ffc0f264000 	C:\WINDOWS\SYSTEM32\dbghelp.dll

VM Arguments:
jvm_args: -javaagent:C:\Program Files\JetBrains\IntelliJ IDEA Community Edition 2019.2.3\lib\idea_rt.jar=30331:C:\Program Files\JetBrains\IntelliJ IDEA Community Edition 2019.2.3\bin -Dfile.encoding=UTF-8 
java_command: com.resnik.util.math.fractals.Mandelbrot
java_class_path (initial): C:\Program Files\Java\jdk1.8.0_161\jre\lib\charsets.jar;C:\Program Files\Java\jdk1.8.0_161\jre\lib\deploy.jar;C:\Program Files\Java\jdk1.8.0_161\jre\lib\ext\access-bridge-64.jar;C:\Program Files\Java\jdk1.8.0_161\jre\lib\ext\cldrdata.jar;C:\Program Files\Java\jdk1.8.0_161\jre\lib\ext\dnsns.jar;C:\Program Files\Java\jdk1.8.0_161\jre\lib\ext\jaccess.jar;C:\Program Files\Java\jdk1.8.0_161\jre\lib\ext\jfxrt.jar;C:\Program Files\Java\jdk1.8.0_161\jre\lib\ext\localedata.jar;C:\Program Files\Java\jdk1.8.0_161\jre\lib\ext\nashorn.jar;C:\Program Files\Java\jdk1.8.0_161\jre\lib\ext\sunec.jar;C:\Program Files\Java\jdk1.8.0_161\jre\lib\ext\sunjce_provider.jar;C:\Program Files\Java\jdk1.8.0_161\jre\lib\ext\sunmscapi.jar;C:\Program Files\Java\jdk1.8.0_161\jre\lib\ext\sunpkcs11.jar;C:\Program Files\Java\jdk1.8.0_161\jre\lib\ext\zipfs.jar;C:\Program Files\Java\jdk1.8.0_161\jre\lib\javaws.jar;C:\Program Files\Java\jdk1.8.0_161\jre\lib\jce.jar;C:\Program Files\Java\jdk1.8.0_161\jre\lib\jfr.jar;C:\Program Files\Java\jdk1.8.0_161\jre\lib\jfxswt.jar;C:\Program Files\Java\jdk1.8.0_161\jre\lib\jsse.jar;C:\Program Files\Java\jdk1.8.0_161\jre\lib\management-agent.jar;C:\Program Files\Java\jdk1.8.0_161\jre\lib\plugin.jar;C:\Program Files\Java\jdk1.8.0_161\jre\lib\resources.jar;C:\Program Files\Java\jdk1.8.0_161\jre\lib\rt.jar;D:\Projects\Github_Projects\mtresnik\utilities\src\out\production\utilities;D:\Projects\Github_Projects\mtresnik\utilities\src\lib\fxyz.jar;D:\Projects\Github_Projects\mtresnik\utilities\src\lib\hamcrest-core-1.3.jar;D:\Projects\Github_Projects\mtresnik\utilities\src\lib\junit-4.12.jar;D:\Projects\Github_Projects\mtresnik\utilities\src\lib\kotlin-reflect.jar;D:\Projects\Github_Projects\mtresnik\utilities\src\lib\kotlin-stdlib-jdk7.jar;D:\Projects\Github_Projects\mtresnik\utilities\src\lib\kotlin-stdlib-jdk8.jar;D:\Projects\Github_Projects\mtresnik\utilities\src\lib\kotlin-stdlib.jar;D:\Projects\Github_Projects\mtresnik\utilities\src\lib\kotl
Launcher Type: SUN_STANDARD

Environment Variables:
JAVA_HOME=C:\Program Files\Java\jdk1.8.0_161
PATH=C:\Program Files (x86)\Common Files\Oracle\Java\javapath;C:\ProgramData\Oracle\Java\javapath;C:\Windows\system32;C:\Windows;C:\Windows\System32\Wbem;C:\Windows\System32\WindowsPowerShell\v1.0\;C:\Program Files (x86)\NVIDIA Corporation\PhysX\Common;C:\Program Files\Git\cmd;D:\Eth;D:\ProgramFiles\AOMEI Backupper;C:\WINDOWS\system32;C:\WINDOWS;C:\WINDOWS\System32\Wbem;C:\WINDOWS\System32\WindowsPowerShell\v1.0\;C:\WINDOWS\System32\OpenSSH\;C:\Program Files\Apache\maven\bin;C:\Users\Mike\.dnx\bin;C:\Program Files\Microsoft DNX\Dnvm\;C:\Program Files (x86)\Windows Kits\8.1\Windows Performance Toolkit\;C:\Program Files\Microsoft SQL Server\120\Tools\Binn\;C:\Program Files\Microsoft SQL Server\130\Tools\Binn\;C:\Users\Mike\AppData\Local\Programs\Python\Python37-32;C:\Program Files\NVIDIA Corporation\NVIDIA NvDLISR;C:\Users\Mike\AppData\Local\Programs\Python\Python37-32\Scripts;C:\Program Files\Java\jdk1.8.0_161\bin;C:\PostgreSQL\pg11\bin;C:\Program Files\Microsoft SQL Server\Client SDK\ODBC\130\Tools\Binn\;C:\Program Files (x86)\Microsoft SQL Server\140\Tools\Binn\;C:\Program Files\Microsoft SQL Server\140\Tools\Binn\;C:\Program Files\Microsoft SQL Server\140\DTS\Binn\;C:\mingw64\bin;D:\Projects\command_line;;%SystemRoot%\system32;%SystemRoot%;%SystemRoot%\System32\Wbem;%SYSTEMROOT%\System32\WindowsPowerShell\v1.0\;%SYSTEMROOT%\System32\OpenSSH\;C:\Users\Mike\AppData\Local\Microsoft\WindowsApps;C:\Users\Mike\AppData\Local\atom\bin;C:\Users\Mike\AppData\Local\Microsoft\WindowsApps;C:\Users\Mike\AppData\Local\Programs\MiKTeX 2.9\miktex\bin\x64\;;C:\Program Files\JetBrains\PyCharm Community Edition 2018.3.5\bin;
USERNAME=Mike
OS=Windows_NT
PROCESSOR_IDENTIFIER=Intel64 Family 6 Model 158 Stepping 10, GenuineIntel



---------------  S Y S T E M  ---------------

OS: Windows 10.0 , 64 bit Build 18362 (10.0.18362.329)

CPU:total 12 (initial active 12) (6 cores per cpu, 2 threads per core) family 6 model 158 stepping 10, cmov, cx8, fxsr, mmx, sse, sse2, sse3, ssse3, sse4.1, sse4.2, popcnt, avx, avx2, aes, clmul, erms, rtm, 3dnowpref, lzcnt, ht, tsc, tscinvbit, bmi1, bmi2, adx

Memory: 4k page, physical 16711252k(5944388k free), swap 20381268k(5359184k free)

vm_info: Java HotSpot(TM) 64-Bit Server VM (25.161-b12) for windows-amd64 JRE (1.8.0_161-b12), built on Dec 19 2017 17:52:25 by "java_re" with MS VC++ 10.0 (VS2010)

time: Fri Jan 31 10:11:12 2020
elapsed time: 76 seconds (0d 0h 1m 16s)

